{"/mnt/c/users/user/desktop/0625/pandamarket-be-sprint-mission-3-main/2-sprint-mission/sprint 9/src/main.ts": {"path":"/mnt/c/users/user/desktop/0625/pandamarket-be-sprint-mission-3-main/2-sprint-mission/sprint 9/src/main.ts","statementMap":{"0":{"start":{"line":90,"column":0},"end":{"line":90,"column":16}},"1":{"start":{"line":99,"column":0},"end":{"line":99,"column":7}},"2":{"start":{"line":2,"column":0},"end":{"line":2,"column":30}},"3":{"start":{"line":3,"column":0},"end":{"line":3,"column":36}},"4":{"start":{"line":4,"column":0},"end":{"line":4,"column":35}},"5":{"start":{"line":5,"column":0},"end":{"line":5,"column":46}},"6":{"start":{"line":7,"column":0},"end":{"line":7,"column":63}},"7":{"start":{"line":8,"column":0},"end":{"line":8,"column":57}},"8":{"start":{"line":9,"column":0},"end":{"line":9,"column":59}},"9":{"start":{"line":10,"column":0},"end":{"line":10,"column":47}},"10":{"start":{"line":11,"column":0},"end":{"line":11,"column":49}},"11":{"start":{"line":12,"column":0},"end":{"line":12,"column":48}},"12":{"start":{"line":13,"column":0},"end":{"line":13,"column":50}},"13":{"start":{"line":15,"column":13},"end":{"line":15,"column":29}},"14":{"start":{"line":16,"column":0},"end":{"line":16,"column":24}},"15":{"start":{"line":17,"column":0},"end":{"line":17,"column":34}},"16":{"start":{"line":19,"column":13},"end":{"line":19,"column":41}},"17":{"start":{"line":22,"column":0},"end":{"line":38,"column":1}},"18":{"start":{"line":23,"column":2},"end":{"line":37,"column":5}},"19":{"start":{"line":24,"column":4},"end":{"line":36,"column":5}},"20":{"start":{"line":25,"column":20},"end":{"line":25,"column":73}},"21":{"start":{"line":27,"column":8},"end":{"line":31,"column":11}},"22":{"start":{"line":32,"column":7},"end":{"line":32,"column":42}},"23":{"start":{"line":33,"column":6},"end":{"line":33,"column":13}},"24":{"start":{"line":35,"column":6},"end":{"line":35,"column":14}},"25":{"start":{"line":41,"column":13},"end":{"line":41,"column":40}},"26":{"start":{"line":42,"column":13},"end":{"line":42,"column":64}},"27":{"start":{"line":45,"column":0},"end":{"line":60,"column":3}},"28":{"start":{"line":46,"column":2},"end":{"line":59,"column":3}},"29":{"start":{"line":47,"column":4},"end":{"line":47,"column":55}},"30":{"start":{"line":47,"column":41},"end":{"line":47,"column":55}},"31":{"start":{"line":48,"column":18},"end":{"line":48,"column":71}},"32":{"start":{"line":50,"column":6},"end":{"line":54,"column":9}},"33":{"start":{"line":55,"column":5},"end":{"line":55,"column":37}},"34":{"start":{"line":56,"column":4},"end":{"line":56,"column":11}},"35":{"start":{"line":58,"column":4},"end":{"line":58,"column":21}},"36":{"start":{"line":62,"column":0},"end":{"line":65,"column":3}},"37":{"start":{"line":63,"column":18},"end":{"line":63,"column":61}},"38":{"start":{"line":64,"column":2},"end":{"line":64,"column":44}},"39":{"start":{"line":64,"column":14},"end":{"line":64,"column":44}},"40":{"start":{"line":68,"column":17},"end":{"line":68,"column":80}},"41":{"start":{"line":69,"column":0},"end":{"line":69,"column":60}},"42":{"start":{"line":71,"column":19},"end":{"line":71,"column":55}},"43":{"start":{"line":72,"column":0},"end":{"line":72,"column":52}},"44":{"start":{"line":74,"column":19},"end":{"line":74,"column":55}},"45":{"start":{"line":75,"column":0},"end":{"line":75,"column":52}},"46":{"start":{"line":77,"column":0},"end":{"line":77,"column":44}},"47":{"start":{"line":77,"column":28},"end":{"line":77,"column":42}},"48":{"start":{"line":80,"column":0},"end":{"line":80,"column":71}},"49":{"start":{"line":80,"column":23},"end":{"line":80,"column":69}},"50":{"start":{"line":81,"column":0},"end":{"line":87,"column":2}},"51":{"start":{"line":83,"column":19},"end":{"line":83,"column":36}},"52":{"start":{"line":84,"column":20},"end":{"line":84,"column":58}},"53":{"start":{"line":85,"column":4},"end":{"line":85,"column":41}},"54":{"start":{"line":91,"column":2},"end":{"line":96,"column":5}},"55":{"start":{"line":92,"column":4},"end":{"line":95,"column":7}},"56":{"start":{"line":93,"column":6},"end":{"line":93,"column":47}},"57":{"start":{"line":94,"column":6},"end":{"line":94,"column":16}},"58":{"start":{"line":100,"column":2},"end":{"line":100,"column":70}},"59":{"start":{"line":100,"column":39},"end":{"line":100,"column":68}},"60":{"start":{"line":100,"column":58},"end":{"line":100,"column":67}},"61":{"start":{"line":101,"column":2},"end":{"line":101,"column":29}},"62":{"start":{"line":105,"column":0},"end":{"line":113,"column":1}},"63":{"start":{"line":106,"column":2},"end":{"line":106,"column":10}},"64":{"start":{"line":107,"column":19},"end":{"line":110,"column":3}},"65":{"start":{"line":108,"column":4},"end":{"line":108,"column":17}},"66":{"start":{"line":109,"column":4},"end":{"line":109,"column":20}},"67":{"start":{"line":111,"column":2},"end":{"line":111,"column":33}},"68":{"start":{"line":112,"column":2},"end":{"line":112,"column":34}}},"fnMap":{"0":{"name":"(anonymous_1)","decl":{"start":{"line":23,"column":10},"end":{"line":23,"column":15}},"loc":{"start":{"line":23,"column":36},"end":{"line":37,"column":3}}},"1":{"name":"(anonymous_2)","decl":{"start":{"line":45,"column":7},"end":{"line":45,"column":12}},"loc":{"start":{"line":45,"column":30},"end":{"line":60,"column":1}}},"2":{"name":"(anonymous_3)","decl":{"start":{"line":62,"column":20},"end":{"line":62,"column":21}},"loc":{"start":{"line":62,"column":31},"end":{"line":65,"column":1}}},"3":{"name":"(anonymous_4)","decl":{"start":{"line":77,"column":13},"end":{"line":77,"column":14}},"loc":{"start":{"line":77,"column":28},"end":{"line":77,"column":42}}},"4":{"name":"(anonymous_5)","decl":{"start":{"line":80,"column":8},"end":{"line":80,"column":9}},"loc":{"start":{"line":80,"column":23},"end":{"line":80,"column":69}}},"5":{"name":"(anonymous_6)","decl":{"start":{"line":82,"column":2},"end":{"line":82,"column":3}},"loc":{"start":{"line":82,"column":90},"end":{"line":86,"column":3}}},"6":{"name":"start","decl":{"start":{"line":90,"column":16},"end":{"line":90,"column":21}},"loc":{"start":{"line":90,"column":61},"end":{"line":97,"column":1}}},"7":{"name":"(anonymous_8)","decl":{"start":{"line":91,"column":27},"end":{"line":91,"column":28}},"loc":{"start":{"line":91,"column":39},"end":{"line":96,"column":3}}},"8":{"name":"(anonymous_9)","decl":{"start":{"line":92,"column":24},"end":{"line":92,"column":27}},"loc":{"start":{"line":92,"column":29},"end":{"line":95,"column":5}}},"9":{"name":"stop","decl":{"start":{"line":99,"column":22},"end":{"line":99,"column":26}},"loc":{"start":{"line":99,"column":26},"end":{"line":102,"column":1}}},"10":{"name":"(anonymous_11)","decl":{"start":{"line":100,"column":26},"end":{"line":100,"column":27}},"loc":{"start":{"line":100,"column":39},"end":{"line":100,"column":68}}},"11":{"name":"(anonymous_12)","decl":{"start":{"line":100,"column":52},"end":{"line":100,"column":55}},"loc":{"start":{"line":100,"column":58},"end":{"line":100,"column":67}}},"12":{"name":"(anonymous_13)","decl":{"start":{"line":107,"column":19},"end":{"line":107,"column":24}},"loc":{"start":{"line":107,"column":30},"end":{"line":110,"column":3}}}},"branchMap":{"0":{"loc":{"start":{"line":22,"column":0},"end":{"line":38,"column":1}},"type":"if","locations":[{"start":{"line":22,"column":0},"end":{"line":38,"column":1}}]},"1":{"loc":{"start":{"line":27,"column":8},"end":{"line":31,"column":11}},"type":"binary-expr","locations":[{"start":{"line":27,"column":8},"end":{"line":27,"column":13}},{"start":{"line":28,"column":9},"end":{"line":31,"column":10}}]},"2":{"loc":{"start":{"line":47,"column":4},"end":{"line":47,"column":55}},"type":"if","locations":[{"start":{"line":47,"column":4},"end":{"line":47,"column":55}}]},"3":{"loc":{"start":{"line":50,"column":6},"end":{"line":54,"column":9}},"type":"binary-expr","locations":[{"start":{"line":50,"column":6},"end":{"line":50,"column":11}},{"start":{"line":51,"column":7},"end":{"line":54,"column":8}}]},"4":{"loc":{"start":{"line":64,"column":2},"end":{"line":64,"column":44}},"type":"if","locations":[{"start":{"line":64,"column":2},"end":{"line":64,"column":44}}]},"5":{"loc":{"start":{"line":83,"column":19},"end":{"line":83,"column":36}},"type":"binary-expr","locations":[{"start":{"line":83,"column":19},"end":{"line":83,"column":29}},{"start":{"line":83,"column":33},"end":{"line":83,"column":36}}]},"6":{"loc":{"start":{"line":84,"column":20},"end":{"line":84,"column":58}},"type":"binary-expr","locations":[{"start":{"line":84,"column":20},"end":{"line":84,"column":31}},{"start":{"line":84,"column":35},"end":{"line":84,"column":58}}]},"7":{"loc":{"start":{"line":90,"column":22},"end":{"line":90,"column":61}},"type":"default-arg","locations":[{"start":{"line":90,"column":29},"end":{"line":90,"column":61}}]},"8":{"loc":{"start":{"line":90,"column":29},"end":{"line":90,"column":61}},"type":"binary-expr","locations":[{"start":{"line":90,"column":29},"end":{"line":90,"column":53}},{"start":{"line":90,"column":57},"end":{"line":90,"column":61}}]},"9":{"loc":{"start":{"line":105,"column":0},"end":{"line":113,"column":1}},"type":"if","locations":[{"start":{"line":105,"column":0},"end":{"line":113,"column":1}}]}},"s":{"0":5,"1":5,"2":5,"3":5,"4":5,"5":5,"6":5,"7":5,"8":5,"9":5,"10":5,"11":5,"12":5,"13":5,"14":5,"15":5,"16":5,"17":5,"18":5,"19":11,"20":11,"21":11,"22":11,"23":11,"24":0,"25":5,"26":5,"27":5,"28":0,"29":0,"30":0,"31":0,"32":0,"33":0,"34":0,"35":0,"36":5,"37":0,"38":0,"39":0,"40":5,"41":5,"42":5,"43":5,"44":5,"45":5,"46":5,"47":3,"48":5,"49":0,"50":5,"51":0,"52":0,"53":0,"54":0,"55":0,"56":0,"57":0,"58":5,"59":5,"60":5,"61":5,"62":5,"63":0,"64":0,"65":0,"66":0,"67":0,"68":0},"f":{"0":11,"1":0,"2":0,"3":3,"4":0,"5":0,"6":0,"7":0,"8":0,"9":5,"10":5,"11":5,"12":0},"b":{"0":[5],"1":[11,2],"2":[0],"3":[0,0],"4":[0],"5":[0,0],"6":[0,0],"7":[0],"8":[0,0],"9":[0]}}
,"/mnt/c/users/user/desktop/0625/pandamarket-be-sprint-mission-3-main/2-sprint-mission/sprint 9/src/articles/router.ts": {"path":"/mnt/c/users/user/desktop/0625/pandamarket-be-sprint-mission-3-main/2-sprint-mission/sprint 9/src/articles/router.ts","statementMap":{"0":{"start":{"line":7,"column":0},"end":{"line":7,"column":24}},"1":{"start":{"line":2,"column":0},"end":{"line":2,"column":81}},"2":{"start":{"line":8,"column":12},"end":{"line":8,"column":20}},"3":{"start":{"line":12,"column":2},"end":{"line":17,"column":5}},"4":{"start":{"line":13,"column":4},"end":{"line":16,"column":28}},"5":{"start":{"line":14,"column":20},"end":{"line":14,"column":36}},"6":{"start":{"line":15,"column":6},"end":{"line":15,"column":34}},"7":{"start":{"line":16,"column":18},"end":{"line":16,"column":26}},"8":{"start":{"line":20,"column":2},"end":{"line":29,"column":5}},"9":{"start":{"line":21,"column":4},"end":{"line":28,"column":28}},"10":{"start":{"line":22,"column":17},"end":{"line":22,"column":38}},"11":{"start":{"line":23,"column":6},"end":{"line":23,"column":87}},"12":{"start":{"line":23,"column":32},"end":{"line":23,"column":87}},"13":{"start":{"line":25,"column":20},"end":{"line":25,"column":41}},"14":{"start":{"line":26,"column":6},"end":{"line":26,"column":72}},"15":{"start":{"line":26,"column":18},"end":{"line":26,"column":72}},"16":{"start":{"line":27,"column":6},"end":{"line":27,"column":34}},"17":{"start":{"line":28,"column":18},"end":{"line":28,"column":26}},"18":{"start":{"line":33,"column":2},"end":{"line":46,"column":5}},"19":{"start":{"line":34,"column":4},"end":{"line":45,"column":28}},"20":{"start":{"line":35,"column":21},"end":{"line":35,"column":41}},"21":{"start":{"line":36,"column":6},"end":{"line":36,"column":76}},"22":{"start":{"line":36,"column":19},"end":{"line":36,"column":76}},"23":{"start":{"line":38,"column":41},"end":{"line":38,"column":55}},"24":{"start":{"line":39,"column":16},"end":{"line":39,"column":42}},"25":{"start":{"line":40,"column":16},"end":{"line":40,"column":44}},"26":{"start":{"line":41,"column":6},"end":{"line":41,"column":87}},"27":{"start":{"line":41,"column":20},"end":{"line":41,"column":87}},"28":{"start":{"line":43,"column":22},"end":{"line":43,"column":79}},"29":{"start":{"line":44,"column":6},"end":{"line":44,"column":36}},"30":{"start":{"line":45,"column":18},"end":{"line":45,"column":26}},"31":{"start":{"line":49,"column":2},"end":{"line":61,"column":5}},"32":{"start":{"line":50,"column":4},"end":{"line":60,"column":28}},"33":{"start":{"line":51,"column":21},"end":{"line":51,"column":41}},"34":{"start":{"line":52,"column":6},"end":{"line":52,"column":76}},"35":{"start":{"line":52,"column":19},"end":{"line":52,"column":76}},"36":{"start":{"line":54,"column":17},"end":{"line":54,"column":38}},"37":{"start":{"line":55,"column":6},"end":{"line":55,"column":87}},"38":{"start":{"line":55,"column":32},"end":{"line":55,"column":87}},"39":{"start":{"line":57,"column":21},"end":{"line":57,"column":35}},"40":{"start":{"line":58,"column":22},"end":{"line":58,"column":49}},"41":{"start":{"line":59,"column":6},"end":{"line":59,"column":36}},"42":{"start":{"line":60,"column":18},"end":{"line":60,"column":26}},"43":{"start":{"line":64,"column":2},"end":{"line":75,"column":5}},"44":{"start":{"line":65,"column":4},"end":{"line":74,"column":28}},"45":{"start":{"line":66,"column":21},"end":{"line":66,"column":41}},"46":{"start":{"line":67,"column":6},"end":{"line":67,"column":76}},"47":{"start":{"line":67,"column":19},"end":{"line":67,"column":76}},"48":{"start":{"line":69,"column":17},"end":{"line":69,"column":38}},"49":{"start":{"line":70,"column":6},"end":{"line":70,"column":87}},"50":{"start":{"line":70,"column":32},"end":{"line":70,"column":87}},"51":{"start":{"line":72,"column":6},"end":{"line":72,"column":27}},"52":{"start":{"line":73,"column":6},"end":{"line":73,"column":28}},"53":{"start":{"line":74,"column":18},"end":{"line":74,"column":26}},"54":{"start":{"line":78,"column":2},"end":{"line":92,"column":5}},"55":{"start":{"line":79,"column":4},"end":{"line":91,"column":28}},"56":{"start":{"line":80,"column":21},"end":{"line":80,"column":41}},"57":{"start":{"line":81,"column":6},"end":{"line":81,"column":76}},"58":{"start":{"line":81,"column":19},"end":{"line":81,"column":76}},"59":{"start":{"line":83,"column":24},"end":{"line":83,"column":45}},"60":{"start":{"line":84,"column":6},"end":{"line":84,"column":94}},"61":{"start":{"line":84,"column":39},"end":{"line":84,"column":94}},"62":{"start":{"line":86,"column":22},"end":{"line":86,"column":69}},"63":{"start":{"line":87,"column":6},"end":{"line":87,"column":81}},"64":{"start":{"line":87,"column":20},"end":{"line":87,"column":81}},"65":{"start":{"line":89,"column":22},"end":{"line":89,"column":70}},"66":{"start":{"line":90,"column":6},"end":{"line":90,"column":36}},"67":{"start":{"line":91,"column":18},"end":{"line":91,"column":26}},"68":{"start":{"line":94,"column":2},"end":{"line":94,"column":11}}},"fnMap":{"0":{"name":"makeArticleRouter","decl":{"start":{"line":7,"column":24},"end":{"line":7,"column":41}},"loc":{"start":{"line":7,"column":61},"end":{"line":95,"column":1}}},"1":{"name":"(anonymous_1)","decl":{"start":{"line":12,"column":13},"end":{"line":12,"column":18}},"loc":{"start":{"line":12,"column":72},"end":{"line":17,"column":3}}},"2":{"name":"(anonymous_2)","decl":{"start":{"line":20,"column":16},"end":{"line":20,"column":21}},"loc":{"start":{"line":20,"column":74},"end":{"line":29,"column":3}}},"3":{"name":"(anonymous_3)","decl":{"start":{"line":33,"column":14},"end":{"line":33,"column":19}},"loc":{"start":{"line":33,"column":74},"end":{"line":46,"column":3}}},"4":{"name":"(anonymous_4)","decl":{"start":{"line":49,"column":18},"end":{"line":49,"column":23}},"loc":{"start":{"line":49,"column":78},"end":{"line":61,"column":3}}},"5":{"name":"(anonymous_5)","decl":{"start":{"line":64,"column":19},"end":{"line":64,"column":24}},"loc":{"start":{"line":64,"column":79},"end":{"line":75,"column":3}}},"6":{"name":"(anonymous_6)","decl":{"start":{"line":78,"column":26},"end":{"line":78,"column":31}},"loc":{"start":{"line":78,"column":86},"end":{"line":92,"column":3}}}},"branchMap":{"0":{"loc":{"start":{"line":23,"column":6},"end":{"line":23,"column":87}},"type":"if","locations":[{"start":{"line":23,"column":6},"end":{"line":23,"column":87}}]},"1":{"loc":{"start":{"line":26,"column":6},"end":{"line":26,"column":72}},"type":"if","locations":[{"start":{"line":26,"column":6},"end":{"line":26,"column":72}}]},"2":{"loc":{"start":{"line":36,"column":6},"end":{"line":36,"column":76}},"type":"if","locations":[{"start":{"line":36,"column":6},"end":{"line":36,"column":76}}]},"3":{"loc":{"start":{"line":38,"column":41},"end":{"line":38,"column":55}},"type":"binary-expr","locations":[{"start":{"line":38,"column":41},"end":{"line":38,"column":49}},{"start":{"line":38,"column":53},"end":{"line":38,"column":55}}]},"4":{"loc":{"start":{"line":39,"column":23},"end":{"line":39,"column":34}},"type":"binary-expr","locations":[{"start":{"line":39,"column":23},"end":{"line":39,"column":28}},{"start":{"line":39,"column":32},"end":{"line":39,"column":34}}]},"5":{"loc":{"start":{"line":40,"column":23},"end":{"line":40,"column":36}},"type":"binary-expr","locations":[{"start":{"line":40,"column":23},"end":{"line":40,"column":30}},{"start":{"line":40,"column":34},"end":{"line":40,"column":36}}]},"6":{"loc":{"start":{"line":41,"column":6},"end":{"line":41,"column":87}},"type":"if","locations":[{"start":{"line":41,"column":6},"end":{"line":41,"column":87}}]},"7":{"loc":{"start":{"line":41,"column":10},"end":{"line":41,"column":18}},"type":"binary-expr","locations":[{"start":{"line":41,"column":10},"end":{"line":41,"column":12}},{"start":{"line":41,"column":16},"end":{"line":41,"column":18}}]},"8":{"loc":{"start":{"line":52,"column":6},"end":{"line":52,"column":76}},"type":"if","locations":[{"start":{"line":52,"column":6},"end":{"line":52,"column":76}}]},"9":{"loc":{"start":{"line":55,"column":6},"end":{"line":55,"column":87}},"type":"if","locations":[{"start":{"line":55,"column":6},"end":{"line":55,"column":87}}]},"10":{"loc":{"start":{"line":57,"column":21},"end":{"line":57,"column":35}},"type":"binary-expr","locations":[{"start":{"line":57,"column":21},"end":{"line":57,"column":29}},{"start":{"line":57,"column":33},"end":{"line":57,"column":35}}]},"11":{"loc":{"start":{"line":67,"column":6},"end":{"line":67,"column":76}},"type":"if","locations":[{"start":{"line":67,"column":6},"end":{"line":67,"column":76}}]},"12":{"loc":{"start":{"line":70,"column":6},"end":{"line":70,"column":87}},"type":"if","locations":[{"start":{"line":70,"column":6},"end":{"line":70,"column":87}}]},"13":{"loc":{"start":{"line":81,"column":6},"end":{"line":81,"column":76}},"type":"if","locations":[{"start":{"line":81,"column":6},"end":{"line":81,"column":76}}]},"14":{"loc":{"start":{"line":84,"column":6},"end":{"line":84,"column":94}},"type":"if","locations":[{"start":{"line":84,"column":6},"end":{"line":84,"column":94}}]},"15":{"loc":{"start":{"line":86,"column":30},"end":{"line":86,"column":61}},"type":"binary-expr","locations":[{"start":{"line":86,"column":30},"end":{"line":86,"column":55}},{"start":{"line":86,"column":59},"end":{"line":86,"column":61}}]},"16":{"loc":{"start":{"line":87,"column":6},"end":{"line":87,"column":81}},"type":"if","locations":[{"start":{"line":87,"column":6},"end":{"line":87,"column":81}}]}},"s":{"0":5,"1":5,"2":5,"3":5,"4":1,"5":1,"6":1,"7":0,"8":5,"9":0,"10":0,"11":0,"12":0,"13":0,"14":0,"15":0,"16":0,"17":0,"18":5,"19":1,"20":1,"21":1,"22":0,"23":1,"24":1,"25":1,"26":1,"27":0,"28":1,"29":1,"30":0,"31":5,"32":1,"33":1,"34":1,"35":0,"36":1,"37":1,"38":0,"39":1,"40":1,"41":1,"42":0,"43":5,"44":1,"45":1,"46":1,"47":0,"48":1,"49":1,"50":0,"51":1,"52":1,"53":0,"54":5,"55":0,"56":0,"57":0,"58":0,"59":0,"60":0,"61":0,"62":0,"63":0,"64":0,"65":0,"66":0,"67":0,"68":5},"f":{"0":5,"1":1,"2":0,"3":1,"4":1,"5":1,"6":0},"b":{"0":[0],"1":[0],"2":[0],"3":[1,0],"4":[1,0],"5":[1,0],"6":[0],"7":[1,1],"8":[0],"9":[0],"10":[1,0],"11":[0],"12":[0],"13":[0],"14":[0],"15":[0,0],"16":[0]}}
,"/mnt/c/users/user/desktop/0625/pandamarket-be-sprint-mission-3-main/2-sprint-mission/sprint 9/src/articles/service.ts": {"path":"/mnt/c/users/user/desktop/0625/pandamarket-be-sprint-mission-3-main/2-sprint-mission/sprint 9/src/articles/service.ts","statementMap":{"0":{"start":{"line":18,"column":22},"end":{"line":18,"column":42}},"1":{"start":{"line":18,"column":52},"end":{"line":18,"column":78}},"2":{"start":{"line":22,"column":4},"end":{"line":22,"column":76}},"3":{"start":{"line":27,"column":4},"end":{"line":27,"column":60}},"4":{"start":{"line":27,"column":30},"end":{"line":27,"column":60}},"5":{"start":{"line":28,"column":4},"end":{"line":28,"column":61}},"6":{"start":{"line":33,"column":4},"end":{"line":33,"column":94}},"7":{"start":{"line":33,"column":52},"end":{"line":33,"column":94}},"8":{"start":{"line":34,"column":4},"end":{"line":36,"column":7}},"9":{"start":{"line":41,"column":4},"end":{"line":41,"column":60}},"10":{"start":{"line":41,"column":30},"end":{"line":41,"column":60}},"11":{"start":{"line":43,"column":19},"end":{"line":43,"column":96}},"12":{"start":{"line":44,"column":4},"end":{"line":44,"column":54}},"13":{"start":{"line":44,"column":17},"end":{"line":44,"column":54}},"14":{"start":{"line":46,"column":4},"end":{"line":53,"column":7}},"15":{"start":{"line":58,"column":4},"end":{"line":58,"column":60}},"16":{"start":{"line":58,"column":30},"end":{"line":58,"column":60}},"17":{"start":{"line":60,"column":19},"end":{"line":60,"column":96}},"18":{"start":{"line":61,"column":4},"end":{"line":61,"column":54}},"19":{"start":{"line":61,"column":17},"end":{"line":61,"column":54}},"20":{"start":{"line":63,"column":4},"end":{"line":63,"column":56}},"21":{"start":{"line":68,"column":20},"end":{"line":71,"column":6}},"22":{"start":{"line":72,"column":4},"end":{"line":72,"column":55}},"23":{"start":{"line":72,"column":18},"end":{"line":72,"column":55}},"24":{"start":{"line":74,"column":20},"end":{"line":76,"column":6}},"25":{"start":{"line":78,"column":4},"end":{"line":84,"column":7}},"26":{"start":{"line":86,"column":4},"end":{"line":86,"column":19}},"27":{"start":{"line":17,"column":0},"end":{"line":17,"column":21}}},"fnMap":{"0":{"name":"(anonymous_0)","decl":{"start":{"line":18,"column":2},"end":{"line":18,"column":22}},"loc":{"start":{"line":18,"column":78},"end":{"line":18,"column":82}}},"1":{"name":"(anonymous_1)","decl":{"start":{"line":21,"column":2},"end":{"line":21,"column":7}},"loc":{"start":{"line":21,"column":12},"end":{"line":23,"column":3}}},"2":{"name":"(anonymous_2)","decl":{"start":{"line":26,"column":2},"end":{"line":26,"column":7}},"loc":{"start":{"line":26,"column":26},"end":{"line":29,"column":3}}},"3":{"name":"(anonymous_3)","decl":{"start":{"line":32,"column":2},"end":{"line":32,"column":7}},"loc":{"start":{"line":32,"column":52},"end":{"line":37,"column":3}}},"4":{"name":"(anonymous_4)","decl":{"start":{"line":40,"column":2},"end":{"line":40,"column":7}},"loc":{"start":{"line":40,"column":48},"end":{"line":54,"column":3}}},"5":{"name":"(anonymous_5)","decl":{"start":{"line":57,"column":2},"end":{"line":57,"column":7}},"loc":{"start":{"line":57,"column":25},"end":{"line":64,"column":3}}},"6":{"name":"(anonymous_6)","decl":{"start":{"line":67,"column":2},"end":{"line":67,"column":7}},"loc":{"start":{"line":67,"column":74},"end":{"line":87,"column":3}}}},"branchMap":{"0":{"loc":{"start":{"line":27,"column":4},"end":{"line":27,"column":60}},"type":"if","locations":[{"start":{"line":27,"column":4},"end":{"line":27,"column":60}}]},"1":{"loc":{"start":{"line":33,"column":4},"end":{"line":33,"column":94}},"type":"if","locations":[{"start":{"line":33,"column":4},"end":{"line":33,"column":94}}]},"2":{"loc":{"start":{"line":33,"column":8},"end":{"line":33,"column":50}},"type":"binary-expr","locations":[{"start":{"line":33,"column":8},"end":{"line":33,"column":26}},{"start":{"line":33,"column":30},"end":{"line":33,"column":50}}]},"3":{"loc":{"start":{"line":41,"column":4},"end":{"line":41,"column":60}},"type":"if","locations":[{"start":{"line":41,"column":4},"end":{"line":41,"column":60}}]},"4":{"loc":{"start":{"line":44,"column":4},"end":{"line":44,"column":54}},"type":"if","locations":[{"start":{"line":44,"column":4},"end":{"line":44,"column":54}}]},"5":{"loc":{"start":{"line":49,"column":12},"end":{"line":49,"column":63}},"type":"cond-expr","locations":[{"start":{"line":49,"column":38},"end":{"line":49,"column":58}},{"start":{"line":49,"column":61},"end":{"line":49,"column":63}}]},"6":{"loc":{"start":{"line":50,"column":12},"end":{"line":50,"column":69}},"type":"cond-expr","locations":[{"start":{"line":50,"column":40},"end":{"line":50,"column":64}},{"start":{"line":50,"column":67},"end":{"line":50,"column":69}}]},"7":{"loc":{"start":{"line":51,"column":12},"end":{"line":51,"column":63}},"type":"cond-expr","locations":[{"start":{"line":51,"column":38},"end":{"line":51,"column":58}},{"start":{"line":51,"column":61},"end":{"line":51,"column":63}}]},"8":{"loc":{"start":{"line":58,"column":4},"end":{"line":58,"column":60}},"type":"if","locations":[{"start":{"line":58,"column":4},"end":{"line":58,"column":60}}]},"9":{"loc":{"start":{"line":61,"column":4},"end":{"line":61,"column":54}},"type":"if","locations":[{"start":{"line":61,"column":4},"end":{"line":61,"column":54}}]},"10":{"loc":{"start":{"line":72,"column":4},"end":{"line":72,"column":55}},"type":"if","locations":[{"start":{"line":72,"column":4},"end":{"line":72,"column":55}}]}},"s":{"0":5,"1":5,"2":1,"3":0,"4":0,"5":0,"6":1,"7":0,"8":1,"9":1,"10":0,"11":1,"12":1,"13":0,"14":1,"15":1,"16":0,"17":1,"18":1,"19":0,"20":1,"21":0,"22":0,"23":0,"24":0,"25":0,"26":0,"27":5},"f":{"0":5,"1":1,"2":0,"3":1,"4":1,"5":1,"6":0},"b":{"0":[0],"1":[0],"2":[1,1],"3":[0],"4":[0],"5":[1,0],"6":[1,0],"7":[0,1],"8":[0],"9":[0],"10":[0]}}
,"/mnt/c/users/user/desktop/0625/pandamarket-be-sprint-mission-3-main/2-sprint-mission/sprint 9/src/constant/constant.ts": {"path":"/mnt/c/users/user/desktop/0625/pandamarket-be-sprint-mission-3-main/2-sprint-mission/sprint 9/src/constant/constant.ts","statementMap":{"0":{"start":{"line":20,"column":13},"end":{"line":20,"column":99}}},"fnMap":{},"branchMap":{"0":{"loc":{"start":{"line":20,"column":32},"end":{"line":20,"column":98}},"type":"binary-expr","locations":[{"start":{"line":20,"column":32},"end":{"line":20,"column":55}},{"start":{"line":20,"column":59},"end":{"line":20,"column":98}}]}},"s":{"0":1},"f":{},"b":{"0":[1,1]}}
,"/mnt/c/users/user/desktop/0625/pandamarket-be-sprint-mission-3-main/2-sprint-mission/sprint 9/src/models/Article.ts": {"path":"/mnt/c/users/user/desktop/0625/pandamarket-be-sprint-mission-3-main/2-sprint-mission/sprint 9/src/models/Article.ts","statementMap":{"0":{"start":{"line":15,"column":4},"end":{"line":15,"column":24}},"1":{"start":{"line":16,"column":4},"end":{"line":16,"column":28}},"2":{"start":{"line":17,"column":4},"end":{"line":17,"column":32}},"3":{"start":{"line":18,"column":4},"end":{"line":18,"column":32}},"4":{"start":{"line":22,"column":4},"end":{"line":22,"column":23}},"5":{"start":{"line":26,"column":4},"end":{"line":26,"column":25}},"6":{"start":{"line":30,"column":4},"end":{"line":30,"column":27}},"7":{"start":{"line":34,"column":4},"end":{"line":34,"column":27}},"8":{"start":{"line":38,"column":4},"end":{"line":38,"column":22}},"9":{"start":{"line":1,"column":0},"end":{"line":1,"column":13}}},"fnMap":{"0":{"name":"(anonymous_0)","decl":{"start":{"line":14,"column":2},"end":{"line":14,"column":14}},"loc":{"start":{"line":14,"column":81},"end":{"line":19,"column":3}}},"1":{"name":"(anonymous_1)","decl":{"start":{"line":21,"column":2},"end":{"line":21,"column":10}},"loc":{"start":{"line":21,"column":10},"end":{"line":23,"column":3}}},"2":{"name":"(anonymous_2)","decl":{"start":{"line":25,"column":2},"end":{"line":25,"column":12}},"loc":{"start":{"line":25,"column":12},"end":{"line":27,"column":3}}},"3":{"name":"(anonymous_3)","decl":{"start":{"line":29,"column":2},"end":{"line":29,"column":14}},"loc":{"start":{"line":29,"column":14},"end":{"line":31,"column":3}}},"4":{"name":"(anonymous_4)","decl":{"start":{"line":33,"column":2},"end":{"line":33,"column":14}},"loc":{"start":{"line":33,"column":14},"end":{"line":35,"column":3}}},"5":{"name":"(anonymous_5)","decl":{"start":{"line":37,"column":2},"end":{"line":37,"column":6}},"loc":{"start":{"line":37,"column":6},"end":{"line":39,"column":3}}}},"branchMap":{},"s":{"0":0,"1":0,"2":0,"3":0,"4":0,"5":0,"6":0,"7":0,"8":0,"9":1},"f":{"0":0,"1":0,"2":0,"3":0,"4":0,"5":0},"b":{}}
,"/mnt/c/users/user/desktop/0625/pandamarket-be-sprint-mission-3-main/2-sprint-mission/sprint 9/src/models/ElectronicProduct.ts": {"path":"/mnt/c/users/user/desktop/0625/pandamarket-be-sprint-mission-3-main/2-sprint-mission/sprint 9/src/models/ElectronicProduct.ts","statementMap":{"0":{"start":{"line":1,"column":0},"end":{"line":1,"column":36}},"1":{"start":{"line":16,"column":4},"end":{"line":16,"column":65}},"2":{"start":{"line":17,"column":4},"end":{"line":17,"column":38}},"3":{"start":{"line":21,"column":4},"end":{"line":21,"column":30}},"4":{"start":{"line":3,"column":0},"end":{"line":3,"column":13}}},"fnMap":{"0":{"name":"(anonymous_0)","decl":{"start":{"line":7,"column":2},"end":{"line":7,"column":null}},"loc":{"start":{"line":14,"column":24},"end":{"line":18,"column":3}}},"1":{"name":"(anonymous_1)","decl":{"start":{"line":20,"column":2},"end":{"line":20,"column":17}},"loc":{"start":{"line":20,"column":17},"end":{"line":22,"column":3}}}},"branchMap":{},"s":{"0":1,"1":0,"2":0,"3":0,"4":1},"f":{"0":0,"1":0},"b":{}}
,"/mnt/c/users/user/desktop/0625/pandamarket-be-sprint-mission-3-main/2-sprint-mission/sprint 9/src/models/Product.ts": {"path":"/mnt/c/users/user/desktop/0625/pandamarket-be-sprint-mission-3-main/2-sprint-mission/sprint 9/src/models/Product.ts","statementMap":{"0":{"start":{"line":28,"column":4},"end":{"line":28,"column":22}},"1":{"start":{"line":29,"column":4},"end":{"line":29,"column":36}},"2":{"start":{"line":30,"column":4},"end":{"line":30,"column":24}},"3":{"start":{"line":31,"column":4},"end":{"line":31,"column":34}},"4":{"start":{"line":32,"column":4},"end":{"line":32,"column":38}},"5":{"start":{"line":33,"column":4},"end":{"line":33,"column":40}},"6":{"start":{"line":37,"column":4},"end":{"line":37,"column":22}},"7":{"start":{"line":41,"column":4},"end":{"line":41,"column":29}},"8":{"start":{"line":45,"column":4},"end":{"line":45,"column":23}},"9":{"start":{"line":49,"column":4},"end":{"line":49,"column":34}},"10":{"start":{"line":53,"column":4},"end":{"line":53,"column":36}},"11":{"start":{"line":57,"column":4},"end":{"line":57,"column":31}},"12":{"start":{"line":61,"column":4},"end":{"line":61,"column":26}},"13":{"start":{"line":1,"column":0},"end":{"line":1,"column":13}}},"fnMap":{"0":{"name":"(anonymous_0)","decl":{"start":{"line":20,"column":2},"end":{"line":20,"column":null}},"loc":{"start":{"line":26,"column":25},"end":{"line":34,"column":3}}},"1":{"name":"(anonymous_1)","decl":{"start":{"line":36,"column":2},"end":{"line":36,"column":9}},"loc":{"start":{"line":36,"column":9},"end":{"line":38,"column":3}}},"2":{"name":"(anonymous_2)","decl":{"start":{"line":40,"column":2},"end":{"line":40,"column":16}},"loc":{"start":{"line":40,"column":16},"end":{"line":42,"column":3}}},"3":{"name":"(anonymous_3)","decl":{"start":{"line":44,"column":2},"end":{"line":44,"column":10}},"loc":{"start":{"line":44,"column":10},"end":{"line":46,"column":3}}},"4":{"name":"(anonymous_4)","decl":{"start":{"line":48,"column":2},"end":{"line":48,"column":9}},"loc":{"start":{"line":48,"column":9},"end":{"line":50,"column":3}}},"5":{"name":"(anonymous_5)","decl":{"start":{"line":52,"column":2},"end":{"line":52,"column":11}},"loc":{"start":{"line":52,"column":11},"end":{"line":54,"column":3}}},"6":{"name":"(anonymous_6)","decl":{"start":{"line":56,"column":2},"end":{"line":56,"column":18}},"loc":{"start":{"line":56,"column":18},"end":{"line":58,"column":3}}},"7":{"name":"(anonymous_7)","decl":{"start":{"line":60,"column":2},"end":{"line":60,"column":10}},"loc":{"start":{"line":60,"column":10},"end":{"line":62,"column":3}}}},"branchMap":{},"s":{"0":0,"1":0,"2":0,"3":0,"4":0,"5":0,"6":0,"7":0,"8":0,"9":0,"10":0,"11":0,"12":0,"13":1},"f":{"0":0,"1":0,"2":0,"3":0,"4":0,"5":0,"6":0,"7":0},"b":{}}
,"/mnt/c/users/user/desktop/0625/pandamarket-be-sprint-mission-3-main/2-sprint-mission/sprint 9/src/notification/controller.ts": {"path":"/mnt/c/users/user/desktop/0625/pandamarket-be-sprint-mission-3-main/2-sprint-mission/sprint 9/src/notification/controller.ts","statementMap":{"0":{"start":{"line":1,"column":0},"end":{"line":1,"column":81}},"1":{"start":{"line":6,"column":34},"end":{"line":59,"column":1}},"2":{"start":{"line":7,"column":12},"end":{"line":7,"column":20}},"3":{"start":{"line":10,"column":2},"end":{"line":22,"column":5}},"4":{"start":{"line":11,"column":4},"end":{"line":21,"column":28}},"5":{"start":{"line":12,"column":21},"end":{"line":12,"column":41}},"6":{"start":{"line":13,"column":6},"end":{"line":13,"column":76}},"7":{"start":{"line":13,"column":19},"end":{"line":13,"column":76}},"8":{"start":{"line":15,"column":25},"end":{"line":15,"column":64}},"9":{"start":{"line":16,"column":19},"end":{"line":16,"column":53}},"10":{"start":{"line":17,"column":21},"end":{"line":17,"column":76}},"11":{"start":{"line":19,"column":20},"end":{"line":19,"column":72}},"12":{"start":{"line":20,"column":6},"end":{"line":20,"column":22}},"13":{"start":{"line":21,"column":18},"end":{"line":21,"column":26}},"14":{"start":{"line":25,"column":2},"end":{"line":33,"column":5}},"15":{"start":{"line":26,"column":4},"end":{"line":32,"column":28}},"16":{"start":{"line":27,"column":21},"end":{"line":27,"column":41}},"17":{"start":{"line":28,"column":6},"end":{"line":28,"column":76}},"18":{"start":{"line":28,"column":19},"end":{"line":28,"column":76}},"19":{"start":{"line":30,"column":20},"end":{"line":30,"column":49}},"20":{"start":{"line":31,"column":6},"end":{"line":31,"column":26}},"21":{"start":{"line":32,"column":18},"end":{"line":32,"column":26}},"22":{"start":{"line":36,"column":2},"end":{"line":45,"column":5}},"23":{"start":{"line":37,"column":4},"end":{"line":44,"column":28}},"24":{"start":{"line":38,"column":21},"end":{"line":38,"column":41}},"25":{"start":{"line":39,"column":6},"end":{"line":39,"column":76}},"26":{"start":{"line":39,"column":19},"end":{"line":39,"column":76}},"27":{"start":{"line":41,"column":17},"end":{"line":41,"column":38}},"28":{"start":{"line":42,"column":6},"end":{"line":42,"column":37}},"29":{"start":{"line":43,"column":6},"end":{"line":43,"column":29}},"30":{"start":{"line":44,"column":18},"end":{"line":44,"column":26}},"31":{"start":{"line":48,"column":2},"end":{"line":56,"column":5}},"32":{"start":{"line":49,"column":4},"end":{"line":55,"column":28}},"33":{"start":{"line":50,"column":21},"end":{"line":50,"column":41}},"34":{"start":{"line":51,"column":6},"end":{"line":51,"column":76}},"35":{"start":{"line":51,"column":19},"end":{"line":51,"column":76}},"36":{"start":{"line":53,"column":6},"end":{"line":53,"column":36}},"37":{"start":{"line":54,"column":6},"end":{"line":54,"column":29}},"38":{"start":{"line":55,"column":18},"end":{"line":55,"column":26}},"39":{"start":{"line":58,"column":2},"end":{"line":58,"column":11}},"40":{"start":{"line":6,"column":13},"end":{"line":6,"column":34}},"41":{"start":{"line":61,"column":0},"end":{"line":61,"column":34}}},"fnMap":{"0":{"name":"(anonymous_0)","decl":{"start":{"line":6,"column":34},"end":{"line":6,"column":35}},"loc":{"start":{"line":6,"column":63},"end":{"line":59,"column":1}}},"1":{"name":"(anonymous_1)","decl":{"start":{"line":10,"column":13},"end":{"line":10,"column":18}},"loc":{"start":{"line":10,"column":73},"end":{"line":22,"column":3}}},"2":{"name":"(anonymous_2)","decl":{"start":{"line":25,"column":25},"end":{"line":25,"column":30}},"loc":{"start":{"line":25,"column":85},"end":{"line":33,"column":3}}},"3":{"name":"(anonymous_3)","decl":{"start":{"line":36,"column":23},"end":{"line":36,"column":28}},"loc":{"start":{"line":36,"column":83},"end":{"line":45,"column":3}}},"4":{"name":"(anonymous_4)","decl":{"start":{"line":48,"column":23},"end":{"line":48,"column":28}},"loc":{"start":{"line":48,"column":83},"end":{"line":56,"column":3}}}},"branchMap":{"0":{"loc":{"start":{"line":13,"column":6},"end":{"line":13,"column":76}},"type":"if","locations":[{"start":{"line":13,"column":6},"end":{"line":13,"column":76}}]},"1":{"loc":{"start":{"line":16,"column":19},"end":{"line":16,"column":53}},"type":"binary-expr","locations":[{"start":{"line":16,"column":19},"end":{"line":16,"column":47}},{"start":{"line":16,"column":51},"end":{"line":16,"column":53}}]},"2":{"loc":{"start":{"line":16,"column":26},"end":{"line":16,"column":46}},"type":"binary-expr","locations":[{"start":{"line":16,"column":26},"end":{"line":16,"column":40}},{"start":{"line":16,"column":44},"end":{"line":16,"column":46}}]},"3":{"loc":{"start":{"line":17,"column":21},"end":{"line":17,"column":76}},"type":"cond-expr","locations":[{"start":{"line":17,"column":40},"end":{"line":17,"column":64}},{"start":{"line":17,"column":67},"end":{"line":17,"column":76}}]},"4":{"loc":{"start":{"line":28,"column":6},"end":{"line":28,"column":76}},"type":"if","locations":[{"start":{"line":28,"column":6},"end":{"line":28,"column":76}}]},"5":{"loc":{"start":{"line":39,"column":6},"end":{"line":39,"column":76}},"type":"if","locations":[{"start":{"line":39,"column":6},"end":{"line":39,"column":76}}]},"6":{"loc":{"start":{"line":51,"column":6},"end":{"line":51,"column":76}},"type":"if","locations":[{"start":{"line":51,"column":6},"end":{"line":51,"column":76}}]}},"s":{"0":0,"1":0,"2":0,"3":0,"4":0,"5":0,"6":0,"7":0,"8":0,"9":0,"10":0,"11":0,"12":0,"13":0,"14":0,"15":0,"16":0,"17":0,"18":0,"19":0,"20":0,"21":0,"22":0,"23":0,"24":0,"25":0,"26":0,"27":0,"28":0,"29":0,"30":0,"31":0,"32":0,"33":0,"34":0,"35":0,"36":0,"37":0,"38":0,"39":0,"40":0,"41":0},"f":{"0":0,"1":0,"2":0,"3":0,"4":0},"b":{"0":[0],"1":[0,0],"2":[0,0],"3":[0,0],"4":[0],"5":[0],"6":[0]}}
,"/mnt/c/users/user/desktop/0625/pandamarket-be-sprint-mission-3-main/2-sprint-mission/sprint 9/src/notification/repository.ts": {"path":"/mnt/c/users/user/desktop/0625/pandamarket-be-sprint-mission-3-main/2-sprint-mission/sprint 9/src/notification/repository.ts","statementMap":{"0":{"start":{"line":11,"column":22},"end":{"line":11,"column":42}},"1":{"start":{"line":21,"column":4},"end":{"line":21,"column":53}},"2":{"start":{"line":25,"column":54},"end":{"line":25,"column":58}},"3":{"start":{"line":27,"column":4},"end":{"line":32,"column":7}},"4":{"start":{"line":36,"column":4},"end":{"line":38,"column":7}},"5":{"start":{"line":42,"column":4},"end":{"line":45,"column":7}},"6":{"start":{"line":49,"column":4},"end":{"line":52,"column":7}},"7":{"start":{"line":10,"column":0},"end":{"line":10,"column":13}},"8":{"start":{"line":56,"column":0},"end":{"line":56,"column":38}}},"fnMap":{"0":{"name":"(anonymous_0)","decl":{"start":{"line":11,"column":2},"end":{"line":11,"column":22}},"loc":{"start":{"line":11,"column":42},"end":{"line":11,"column":46}}},"1":{"name":"(anonymous_1)","decl":{"start":{"line":13,"column":2},"end":{"line":13,"column":8}},"loc":{"start":{"line":20,"column":3},"end":{"line":22,"column":3}}},"2":{"name":"(anonymous_2)","decl":{"start":{"line":24,"column":2},"end":{"line":24,"column":6}},"loc":{"start":{"line":24,"column":45},"end":{"line":33,"column":3}}},"3":{"name":"(anonymous_3)","decl":{"start":{"line":35,"column":2},"end":{"line":35,"column":13}},"loc":{"start":{"line":35,"column":28},"end":{"line":39,"column":3}}},"4":{"name":"(anonymous_4)","decl":{"start":{"line":41,"column":2},"end":{"line":41,"column":10}},"loc":{"start":{"line":41,"column":37},"end":{"line":46,"column":3}}},"5":{"name":"(anonymous_5)","decl":{"start":{"line":48,"column":2},"end":{"line":48,"column":13}},"loc":{"start":{"line":48,"column":28},"end":{"line":53,"column":3}}}},"branchMap":{"0":{"loc":{"start":{"line":24,"column":23},"end":{"line":24,"column":45}},"type":"default-arg","locations":[{"start":{"line":24,"column":43},"end":{"line":24,"column":45}}]},"1":{"loc":{"start":{"line":25,"column":12},"end":{"line":25,"column":30}},"type":"default-arg","locations":[{"start":{"line":25,"column":25},"end":{"line":25,"column":30}}]},"2":{"loc":{"start":{"line":25,"column":32},"end":{"line":25,"column":41}},"type":"default-arg","locations":[{"start":{"line":25,"column":39},"end":{"line":25,"column":41}}]},"3":{"loc":{"start":{"line":28,"column":27},"end":{"line":28,"column":62}},"type":"cond-expr","locations":[{"start":{"line":28,"column":40},"end":{"line":28,"column":57}},{"start":{"line":28,"column":60},"end":{"line":28,"column":62}}]},"4":{"loc":{"start":{"line":31,"column":10},"end":{"line":31,"column":59}},"type":"cond-expr","locations":[{"start":{"line":31,"column":19},"end":{"line":31,"column":54}},{"start":{"line":31,"column":57},"end":{"line":31,"column":59}}]}},"s":{"0":5,"1":0,"2":0,"3":0,"4":0,"5":0,"6":0,"7":5,"8":5},"f":{"0":5,"1":0,"2":0,"3":0,"4":0,"5":0},"b":{"0":[0],"1":[0],"2":[0],"3":[0,0],"4":[0,0]}}
,"/mnt/c/users/user/desktop/0625/pandamarket-be-sprint-mission-3-main/2-sprint-mission/sprint 9/src/notification/router.ts": {"path":"/mnt/c/users/user/desktop/0625/pandamarket-be-sprint-mission-3-main/2-sprint-mission/sprint 9/src/notification/router.ts","statementMap":{"0":{"start":{"line":8,"column":0},"end":{"line":8,"column":24}},"1":{"start":{"line":2,"column":0},"end":{"line":2,"column":81}},"2":{"start":{"line":3,"column":0},"end":{"line":3,"column":50}},"3":{"start":{"line":9,"column":12},"end":{"line":9,"column":20}},"4":{"start":{"line":11,"column":2},"end":{"line":24,"column":5}},"5":{"start":{"line":12,"column":4},"end":{"line":23,"column":28}},"6":{"start":{"line":13,"column":21},"end":{"line":13,"column":41}},"7":{"start":{"line":14,"column":6},"end":{"line":14,"column":76}},"8":{"start":{"line":14,"column":19},"end":{"line":14,"column":76}},"9":{"start":{"line":16,"column":25},"end":{"line":16,"column":64}},"10":{"start":{"line":17,"column":22},"end":{"line":17,"column":50}},"11":{"start":{"line":18,"column":19},"end":{"line":18,"column":86}},"12":{"start":{"line":19,"column":21},"end":{"line":19,"column":76}},"13":{"start":{"line":21,"column":20},"end":{"line":21,"column":72}},"14":{"start":{"line":22,"column":6},"end":{"line":22,"column":22}},"15":{"start":{"line":23,"column":18},"end":{"line":23,"column":26}},"16":{"start":{"line":26,"column":2},"end":{"line":33,"column":5}},"17":{"start":{"line":27,"column":4},"end":{"line":32,"column":28}},"18":{"start":{"line":28,"column":21},"end":{"line":28,"column":41}},"19":{"start":{"line":29,"column":6},"end":{"line":29,"column":76}},"20":{"start":{"line":29,"column":19},"end":{"line":29,"column":76}},"21":{"start":{"line":30,"column":20},"end":{"line":30,"column":49}},"22":{"start":{"line":31,"column":6},"end":{"line":31,"column":26}},"23":{"start":{"line":32,"column":18},"end":{"line":32,"column":26}},"24":{"start":{"line":35,"column":2},"end":{"line":43,"column":5}},"25":{"start":{"line":36,"column":4},"end":{"line":42,"column":28}},"26":{"start":{"line":37,"column":21},"end":{"line":37,"column":41}},"27":{"start":{"line":38,"column":6},"end":{"line":38,"column":76}},"28":{"start":{"line":38,"column":19},"end":{"line":38,"column":76}},"29":{"start":{"line":39,"column":17},"end":{"line":39,"column":38}},"30":{"start":{"line":40,"column":6},"end":{"line":40,"column":37}},"31":{"start":{"line":41,"column":6},"end":{"line":41,"column":29}},"32":{"start":{"line":42,"column":18},"end":{"line":42,"column":26}},"33":{"start":{"line":45,"column":2},"end":{"line":52,"column":5}},"34":{"start":{"line":46,"column":4},"end":{"line":51,"column":28}},"35":{"start":{"line":47,"column":21},"end":{"line":47,"column":41}},"36":{"start":{"line":48,"column":6},"end":{"line":48,"column":76}},"37":{"start":{"line":48,"column":19},"end":{"line":48,"column":76}},"38":{"start":{"line":49,"column":6},"end":{"line":49,"column":36}},"39":{"start":{"line":50,"column":6},"end":{"line":50,"column":29}},"40":{"start":{"line":51,"column":18},"end":{"line":51,"column":26}},"41":{"start":{"line":55,"column":2},"end":{"line":66,"column":5}},"42":{"start":{"line":56,"column":4},"end":{"line":65,"column":28}},"43":{"start":{"line":57,"column":21},"end":{"line":57,"column":41}},"44":{"start":{"line":58,"column":6},"end":{"line":58,"column":76}},"45":{"start":{"line":58,"column":19},"end":{"line":58,"column":76}},"46":{"start":{"line":59,"column":20},"end":{"line":63,"column":8}},"47":{"start":{"line":64,"column":6},"end":{"line":64,"column":22}},"48":{"start":{"line":65,"column":18},"end":{"line":65,"column":26}},"49":{"start":{"line":68,"column":2},"end":{"line":68,"column":11}}},"fnMap":{"0":{"name":"makeNotificationRouter","decl":{"start":{"line":8,"column":24},"end":{"line":8,"column":46}},"loc":{"start":{"line":8,"column":71},"end":{"line":69,"column":1}}},"1":{"name":"(anonymous_1)","decl":{"start":{"line":11,"column":13},"end":{"line":11,"column":18}},"loc":{"start":{"line":11,"column":73},"end":{"line":24,"column":3}}},"2":{"name":"(anonymous_2)","decl":{"start":{"line":26,"column":25},"end":{"line":26,"column":30}},"loc":{"start":{"line":26,"column":85},"end":{"line":33,"column":3}}},"3":{"name":"(anonymous_3)","decl":{"start":{"line":35,"column":23},"end":{"line":35,"column":28}},"loc":{"start":{"line":35,"column":83},"end":{"line":43,"column":3}}},"4":{"name":"(anonymous_4)","decl":{"start":{"line":45,"column":23},"end":{"line":45,"column":28}},"loc":{"start":{"line":45,"column":83},"end":{"line":52,"column":3}}},"5":{"name":"(anonymous_5)","decl":{"start":{"line":55,"column":19},"end":{"line":55,"column":24}},"loc":{"start":{"line":55,"column":79},"end":{"line":66,"column":3}}}},"branchMap":{"0":{"loc":{"start":{"line":14,"column":6},"end":{"line":14,"column":76}},"type":"if","locations":[{"start":{"line":14,"column":6},"end":{"line":14,"column":76}}]},"1":{"loc":{"start":{"line":17,"column":29},"end":{"line":17,"column":49}},"type":"binary-expr","locations":[{"start":{"line":17,"column":29},"end":{"line":17,"column":43}},{"start":{"line":17,"column":47},"end":{"line":17,"column":49}}]},"2":{"loc":{"start":{"line":18,"column":37},"end":{"line":18,"column":76}},"type":"cond-expr","locations":[{"start":{"line":18,"column":64},"end":{"line":18,"column":71}},{"start":{"line":18,"column":74},"end":{"line":18,"column":76}}]},"3":{"loc":{"start":{"line":19,"column":21},"end":{"line":19,"column":76}},"type":"cond-expr","locations":[{"start":{"line":19,"column":40},"end":{"line":19,"column":64}},{"start":{"line":19,"column":67},"end":{"line":19,"column":76}}]},"4":{"loc":{"start":{"line":29,"column":6},"end":{"line":29,"column":76}},"type":"if","locations":[{"start":{"line":29,"column":6},"end":{"line":29,"column":76}}]},"5":{"loc":{"start":{"line":38,"column":6},"end":{"line":38,"column":76}},"type":"if","locations":[{"start":{"line":38,"column":6},"end":{"line":38,"column":76}}]},"6":{"loc":{"start":{"line":48,"column":6},"end":{"line":48,"column":76}},"type":"if","locations":[{"start":{"line":48,"column":6},"end":{"line":48,"column":76}}]},"7":{"loc":{"start":{"line":58,"column":6},"end":{"line":58,"column":76}},"type":"if","locations":[{"start":{"line":58,"column":6},"end":{"line":58,"column":76}}]}},"s":{"0":5,"1":5,"2":5,"3":5,"4":5,"5":0,"6":0,"7":0,"8":0,"9":0,"10":0,"11":0,"12":0,"13":0,"14":0,"15":0,"16":5,"17":0,"18":0,"19":0,"20":0,"21":0,"22":0,"23":0,"24":5,"25":0,"26":0,"27":0,"28":0,"29":0,"30":0,"31":0,"32":0,"33":5,"34":0,"35":0,"36":0,"37":0,"38":0,"39":0,"40":0,"41":5,"42":0,"43":0,"44":0,"45":0,"46":0,"47":0,"48":0,"49":5},"f":{"0":5,"1":0,"2":0,"3":0,"4":0,"5":0},"b":{"0":[0],"1":[0,0],"2":[0,0],"3":[0,0],"4":[0],"5":[0],"6":[0],"7":[0]}}
,"/mnt/c/users/user/desktop/0625/pandamarket-be-sprint-mission-3-main/2-sprint-mission/sprint 9/src/notification/service.ts": {"path":"/mnt/c/users/user/desktop/0625/pandamarket-be-sprint-mission-3-main/2-sprint-mission/sprint 9/src/notification/service.ts","statementMap":{"0":{"start":{"line":1,"column":0},"end":{"line":1,"column":69}},"1":{"start":{"line":6,"column":22},"end":{"line":6,"column":50}},"2":{"start":{"line":6,"column":60},"end":{"line":6,"column":71}},"3":{"start":{"line":9,"column":4},"end":{"line":9,"column":55}},"4":{"start":{"line":18,"column":18},"end":{"line":18,"column":48}},"5":{"start":{"line":20,"column":4},"end":{"line":20,"column":61}},"6":{"start":{"line":21,"column":19},"end":{"line":21,"column":60}},"7":{"start":{"line":22,"column":4},"end":{"line":22,"column":64}},"8":{"start":{"line":23,"column":4},"end":{"line":23,"column":17}},"9":{"start":{"line":27,"column":17},"end":{"line":27,"column":60}},"10":{"start":{"line":28,"column":4},"end":{"line":28,"column":53}},"11":{"start":{"line":32,"column":4},"end":{"line":32,"column":41}},"12":{"start":{"line":36,"column":4},"end":{"line":36,"column":41}},"13":{"start":{"line":37,"column":19},"end":{"line":37,"column":54}},"14":{"start":{"line":38,"column":4},"end":{"line":38,"column":58}},"15":{"start":{"line":39,"column":4},"end":{"line":39,"column":24}},"16":{"start":{"line":43,"column":4},"end":{"line":43,"column":40}},"17":{"start":{"line":44,"column":19},"end":{"line":44,"column":54}},"18":{"start":{"line":45,"column":4},"end":{"line":45,"column":58}},"19":{"start":{"line":46,"column":4},"end":{"line":46,"column":24}},"20":{"start":{"line":59,"column":73},"end":{"line":59,"column":79}},"21":{"start":{"line":60,"column":4},"end":{"line":60,"column":62}},"22":{"start":{"line":60,"column":55},"end":{"line":60,"column":62}},"23":{"start":{"line":63,"column":6},"end":{"line":64,"column":48}},"24":{"start":{"line":66,"column":4},"end":{"line":75,"column":6}},"25":{"start":{"line":68,"column":8},"end":{"line":73,"column":10}},"26":{"start":{"line":86,"column":83},"end":{"line":86,"column":89}},"27":{"start":{"line":87,"column":4},"end":{"line":87,"column":45}},"28":{"start":{"line":87,"column":38},"end":{"line":87,"column":45}},"29":{"start":{"line":89,"column":20},"end":{"line":89,"column":99}},"30":{"start":{"line":91,"column":6},"end":{"line":92,"column":26}},"31":{"start":{"line":94,"column":4},"end":{"line":100,"column":7}},"32":{"start":{"line":5,"column":0},"end":{"line":5,"column":21}}},"fnMap":{"0":{"name":"(anonymous_0)","decl":{"start":{"line":6,"column":2},"end":{"line":6,"column":22}},"loc":{"start":{"line":6,"column":71},"end":{"line":6,"column":75}}},"1":{"name":"(anonymous_1)","decl":{"start":{"line":8,"column":10},"end":{"line":8,"column":20}},"loc":{"start":{"line":8,"column":68},"end":{"line":10,"column":3}}},"2":{"name":"(anonymous_2)","decl":{"start":{"line":12,"column":2},"end":{"line":12,"column":7}},"loc":{"start":{"line":17,"column":3},"end":{"line":24,"column":3}}},"3":{"name":"(anonymous_3)","decl":{"start":{"line":26,"column":2},"end":{"line":26,"column":6}},"loc":{"start":{"line":26,"column":45},"end":{"line":29,"column":3}}},"4":{"name":"(anonymous_4)","decl":{"start":{"line":31,"column":2},"end":{"line":31,"column":13}},"loc":{"start":{"line":31,"column":28},"end":{"line":33,"column":3}}},"5":{"name":"(anonymous_5)","decl":{"start":{"line":35,"column":2},"end":{"line":35,"column":7}},"loc":{"start":{"line":35,"column":43},"end":{"line":40,"column":3}}},"6":{"name":"(anonymous_6)","decl":{"start":{"line":42,"column":2},"end":{"line":42,"column":7}},"loc":{"start":{"line":42,"column":34},"end":{"line":47,"column":3}}},"7":{"name":"(anonymous_7)","decl":{"start":{"line":52,"column":2},"end":{"line":52,"column":7}},"loc":{"start":{"line":58,"column":3},"end":{"line":76,"column":3}}},"8":{"name":"(anonymous_8)","decl":{"start":{"line":67,"column":23},"end":{"line":67,"column":24}},"loc":{"start":{"line":68,"column":8},"end":{"line":73,"column":10}}},"9":{"name":"(anonymous_9)","decl":{"start":{"line":79,"column":2},"end":{"line":79,"column":7}},"loc":{"start":{"line":85,"column":3},"end":{"line":101,"column":3}}}},"branchMap":{"0":{"loc":{"start":{"line":26,"column":23},"end":{"line":26,"column":45}},"type":"default-arg","locations":[{"start":{"line":26,"column":43},"end":{"line":26,"column":45}}]},"1":{"loc":{"start":{"line":27,"column":35},"end":{"line":27,"column":50}},"type":"binary-expr","locations":[{"start":{"line":27,"column":35},"end":{"line":27,"column":44}},{"start":{"line":27,"column":48},"end":{"line":27,"column":50}}]},"2":{"loc":{"start":{"line":60,"column":4},"end":{"line":60,"column":62}},"type":"if","locations":[{"start":{"line":60,"column":4},"end":{"line":60,"column":62}}]},"3":{"loc":{"start":{"line":60,"column":8},"end":{"line":60,"column":53}},"type":"binary-expr","locations":[{"start":{"line":60,"column":8},"end":{"line":60,"column":29}},{"start":{"line":60,"column":33},"end":{"line":60,"column":53}}]},"4":{"loc":{"start":{"line":63,"column":7},"end":{"line":63,"column":57}},"type":"cond-expr","locations":[{"start":{"line":63,"column":21},"end":{"line":63,"column":46}},{"start":{"line":63,"column":49},"end":{"line":63,"column":57}}]},"5":{"loc":{"start":{"line":87,"column":4},"end":{"line":87,"column":45}},"type":"if","locations":[{"start":{"line":87,"column":4},"end":{"line":87,"column":45}}]},"6":{"loc":{"start":{"line":89,"column":20},"end":{"line":89,"column":99}},"type":"cond-expr","locations":[{"start":{"line":89,"column":49},"end":{"line":89,"column":82}},{"start":{"line":89,"column":85},"end":{"line":89,"column":99}}]},"7":{"loc":{"start":{"line":91,"column":7},"end":{"line":91,"column":55}},"type":"cond-expr","locations":[{"start":{"line":91,"column":22},"end":{"line":91,"column":45}},{"start":{"line":91,"column":48},"end":{"line":91,"column":55}}]}},"s":{"0":5,"1":5,"2":5,"3":0,"4":0,"5":0,"6":0,"7":0,"8":0,"9":0,"10":0,"11":0,"12":0,"13":0,"14":0,"15":0,"16":0,"17":0,"18":0,"19":0,"20":0,"21":0,"22":0,"23":0,"24":0,"25":0,"26":0,"27":0,"28":0,"29":0,"30":0,"31":0,"32":5},"f":{"0":5,"1":0,"2":0,"3":0,"4":0,"5":0,"6":0,"7":0,"8":0,"9":0},"b":{"0":[0],"1":[0,0],"2":[0],"3":[0,0],"4":[0,0],"5":[0],"6":[0,0],"7":[0,0]}}
,"/mnt/c/users/user/desktop/0625/pandamarket-be-sprint-mission-3-main/2-sprint-mission/sprint 9/src/product/router.ts": {"path":"/mnt/c/users/user/desktop/0625/pandamarket-be-sprint-mission-3-main/2-sprint-mission/sprint 9/src/product/router.ts","statementMap":{"0":{"start":{"line":10,"column":0},"end":{"line":10,"column":24}},"1":{"start":{"line":2,"column":0},"end":{"line":2,"column":81}},"2":{"start":{"line":11,"column":12},"end":{"line":11,"column":20}},"3":{"start":{"line":18,"column":2},"end":{"line":25,"column":5}},"4":{"start":{"line":19,"column":4},"end":{"line":24,"column":28}},"5":{"start":{"line":20,"column":20},"end":{"line":20,"column":36}},"6":{"start":{"line":23,"column":6},"end":{"line":23,"column":34}},"7":{"start":{"line":24,"column":18},"end":{"line":24,"column":26}},"8":{"start":{"line":28,"column":2},"end":{"line":38,"column":5}},"9":{"start":{"line":29,"column":4},"end":{"line":37,"column":28}},"10":{"start":{"line":30,"column":17},"end":{"line":30,"column":38}},"11":{"start":{"line":31,"column":6},"end":{"line":31,"column":87}},"12":{"start":{"line":31,"column":32},"end":{"line":31,"column":87}},"13":{"start":{"line":33,"column":20},"end":{"line":33,"column":41}},"14":{"start":{"line":34,"column":6},"end":{"line":34,"column":72}},"15":{"start":{"line":34,"column":18},"end":{"line":34,"column":72}},"16":{"start":{"line":36,"column":6},"end":{"line":36,"column":34}},"17":{"start":{"line":37,"column":18},"end":{"line":37,"column":26}},"18":{"start":{"line":45,"column":2},"end":{"line":62,"column":5}},"19":{"start":{"line":46,"column":4},"end":{"line":61,"column":28}},"20":{"start":{"line":47,"column":21},"end":{"line":47,"column":41}},"21":{"start":{"line":48,"column":6},"end":{"line":48,"column":76}},"22":{"start":{"line":48,"column":19},"end":{"line":48,"column":76}},"23":{"start":{"line":50,"column":19},"end":{"line":50,"column":107}},"24":{"start":{"line":51,"column":36},"end":{"line":58,"column":8}},"25":{"start":{"line":59,"column":22},"end":{"line":59,"column":43}},"26":{"start":{"line":60,"column":6},"end":{"line":60,"column":36}},"27":{"start":{"line":61,"column":18},"end":{"line":61,"column":26}},"28":{"start":{"line":65,"column":2},"end":{"line":77,"column":5}},"29":{"start":{"line":66,"column":4},"end":{"line":76,"column":28}},"30":{"start":{"line":67,"column":21},"end":{"line":67,"column":41}},"31":{"start":{"line":68,"column":6},"end":{"line":68,"column":76}},"32":{"start":{"line":68,"column":19},"end":{"line":68,"column":76}},"33":{"start":{"line":70,"column":17},"end":{"line":70,"column":38}},"34":{"start":{"line":71,"column":6},"end":{"line":71,"column":87}},"35":{"start":{"line":71,"column":32},"end":{"line":71,"column":87}},"36":{"start":{"line":73,"column":18},"end":{"line":73,"column":46}},"37":{"start":{"line":74,"column":21},"end":{"line":74,"column":46}},"38":{"start":{"line":75,"column":6},"end":{"line":75,"column":35}},"39":{"start":{"line":76,"column":18},"end":{"line":76,"column":26}},"40":{"start":{"line":80,"column":2},"end":{"line":92,"column":5}},"41":{"start":{"line":81,"column":4},"end":{"line":91,"column":28}},"42":{"start":{"line":82,"column":21},"end":{"line":82,"column":41}},"43":{"start":{"line":83,"column":6},"end":{"line":83,"column":76}},"44":{"start":{"line":83,"column":19},"end":{"line":83,"column":76}},"45":{"start":{"line":85,"column":17},"end":{"line":85,"column":38}},"46":{"start":{"line":86,"column":6},"end":{"line":86,"column":87}},"47":{"start":{"line":86,"column":32},"end":{"line":86,"column":87}},"48":{"start":{"line":88,"column":6},"end":{"line":88,"column":27}},"49":{"start":{"line":90,"column":6},"end":{"line":90,"column":28}},"50":{"start":{"line":91,"column":18},"end":{"line":91,"column":26}},"51":{"start":{"line":95,"column":2},"end":{"line":106,"column":5}},"52":{"start":{"line":96,"column":4},"end":{"line":105,"column":28}},"53":{"start":{"line":97,"column":21},"end":{"line":97,"column":41}},"54":{"start":{"line":98,"column":6},"end":{"line":98,"column":76}},"55":{"start":{"line":98,"column":19},"end":{"line":98,"column":76}},"56":{"start":{"line":100,"column":17},"end":{"line":100,"column":38}},"57":{"start":{"line":101,"column":6},"end":{"line":101,"column":87}},"58":{"start":{"line":101,"column":32},"end":{"line":101,"column":87}},"59":{"start":{"line":103,"column":6},"end":{"line":103,"column":33}},"60":{"start":{"line":104,"column":6},"end":{"line":104,"column":28}},"61":{"start":{"line":105,"column":18},"end":{"line":105,"column":26}},"62":{"start":{"line":111,"column":2},"end":{"line":127,"column":5}},"63":{"start":{"line":112,"column":4},"end":{"line":126,"column":28}},"64":{"start":{"line":113,"column":21},"end":{"line":113,"column":41}},"65":{"start":{"line":114,"column":6},"end":{"line":114,"column":76}},"66":{"start":{"line":114,"column":19},"end":{"line":114,"column":76}},"67":{"start":{"line":116,"column":36},"end":{"line":123,"column":8}},"68":{"start":{"line":124,"column":22},"end":{"line":124,"column":43}},"69":{"start":{"line":125,"column":6},"end":{"line":125,"column":36}},"70":{"start":{"line":126,"column":18},"end":{"line":126,"column":26}},"71":{"start":{"line":129,"column":2},"end":{"line":129,"column":11}}},"fnMap":{"0":{"name":"makeProductRouter","decl":{"start":{"line":10,"column":24},"end":{"line":10,"column":41}},"loc":{"start":{"line":10,"column":61},"end":{"line":130,"column":1}}},"1":{"name":"(anonymous_1)","decl":{"start":{"line":18,"column":13},"end":{"line":18,"column":18}},"loc":{"start":{"line":18,"column":72},"end":{"line":25,"column":3}}},"2":{"name":"(anonymous_2)","decl":{"start":{"line":28,"column":16},"end":{"line":28,"column":21}},"loc":{"start":{"line":28,"column":74},"end":{"line":38,"column":3}}},"3":{"name":"(anonymous_3)","decl":{"start":{"line":45,"column":26},"end":{"line":45,"column":31}},"loc":{"start":{"line":45,"column":86},"end":{"line":62,"column":3}}},"4":{"name":"(anonymous_4)","decl":{"start":{"line":65,"column":30},"end":{"line":65,"column":35}},"loc":{"start":{"line":65,"column":90},"end":{"line":77,"column":3}}},"5":{"name":"(anonymous_5)","decl":{"start":{"line":80,"column":31},"end":{"line":80,"column":36}},"loc":{"start":{"line":80,"column":91},"end":{"line":92,"column":3}}},"6":{"name":"(anonymous_6)","decl":{"start":{"line":95,"column":35},"end":{"line":95,"column":40}},"loc":{"start":{"line":95,"column":95},"end":{"line":106,"column":3}}},"7":{"name":"(anonymous_7)","decl":{"start":{"line":111,"column":31},"end":{"line":111,"column":36}},"loc":{"start":{"line":111,"column":91},"end":{"line":127,"column":3}}}},"branchMap":{"0":{"loc":{"start":{"line":31,"column":6},"end":{"line":31,"column":87}},"type":"if","locations":[{"start":{"line":31,"column":6},"end":{"line":31,"column":87}}]},"1":{"loc":{"start":{"line":34,"column":6},"end":{"line":34,"column":72}},"type":"if","locations":[{"start":{"line":34,"column":6},"end":{"line":34,"column":72}}]},"2":{"loc":{"start":{"line":48,"column":6},"end":{"line":48,"column":76}},"type":"if","locations":[{"start":{"line":48,"column":6},"end":{"line":48,"column":76}}]},"3":{"loc":{"start":{"line":56,"column":14},"end":{"line":56,"column":29}},"type":"binary-expr","locations":[{"start":{"line":56,"column":14},"end":{"line":56,"column":23}},{"start":{"line":56,"column":27},"end":{"line":56,"column":29}}]},"4":{"loc":{"start":{"line":57,"column":16},"end":{"line":57,"column":33}},"type":"binary-expr","locations":[{"start":{"line":57,"column":16},"end":{"line":57,"column":27}},{"start":{"line":57,"column":31},"end":{"line":57,"column":33}}]},"5":{"loc":{"start":{"line":68,"column":6},"end":{"line":68,"column":76}},"type":"if","locations":[{"start":{"line":68,"column":6},"end":{"line":68,"column":76}}]},"6":{"loc":{"start":{"line":71,"column":6},"end":{"line":71,"column":87}},"type":"if","locations":[{"start":{"line":71,"column":6},"end":{"line":71,"column":87}}]},"7":{"loc":{"start":{"line":83,"column":6},"end":{"line":83,"column":76}},"type":"if","locations":[{"start":{"line":83,"column":6},"end":{"line":83,"column":76}}]},"8":{"loc":{"start":{"line":86,"column":6},"end":{"line":86,"column":87}},"type":"if","locations":[{"start":{"line":86,"column":6},"end":{"line":86,"column":87}}]},"9":{"loc":{"start":{"line":98,"column":6},"end":{"line":98,"column":76}},"type":"if","locations":[{"start":{"line":98,"column":6},"end":{"line":98,"column":76}}]},"10":{"loc":{"start":{"line":101,"column":6},"end":{"line":101,"column":87}},"type":"if","locations":[{"start":{"line":101,"column":6},"end":{"line":101,"column":87}}]},"11":{"loc":{"start":{"line":114,"column":6},"end":{"line":114,"column":76}},"type":"if","locations":[{"start":{"line":114,"column":6},"end":{"line":114,"column":76}}]}},"s":{"0":5,"1":5,"2":5,"3":5,"4":1,"5":1,"6":1,"7":0,"8":5,"9":0,"10":0,"11":0,"12":0,"13":0,"14":0,"15":0,"16":0,"17":0,"18":5,"19":1,"20":1,"21":1,"22":0,"23":1,"24":1,"25":1,"26":1,"27":0,"28":5,"29":1,"30":1,"31":1,"32":0,"33":1,"34":1,"35":0,"36":1,"37":1,"38":1,"39":0,"40":5,"41":1,"42":1,"43":1,"44":0,"45":1,"46":1,"47":0,"48":1,"49":1,"50":0,"51":5,"52":0,"53":0,"54":0,"55":0,"56":0,"57":0,"58":0,"59":0,"60":0,"61":0,"62":5,"63":0,"64":0,"65":0,"66":0,"67":0,"68":0,"69":0,"70":0,"71":5},"f":{"0":5,"1":1,"2":0,"3":1,"4":1,"5":1,"6":0,"7":0},"b":{"0":[0],"1":[0],"2":[0],"3":[1,0],"4":[1,0],"5":[0],"6":[0],"7":[0],"8":[0],"9":[0],"10":[0],"11":[0]}}
,"/mnt/c/users/user/desktop/0625/pandamarket-be-sprint-mission-3-main/2-sprint-mission/sprint 9/src/product/service.ts": {"path":"/mnt/c/users/user/desktop/0625/pandamarket-be-sprint-mission-3-main/2-sprint-mission/sprint 9/src/product/service.ts","statementMap":{"0":{"start":{"line":29,"column":12},"end":{"line":29,"column":32}},"1":{"start":{"line":30,"column":12},"end":{"line":30,"column":38}},"2":{"start":{"line":35,"column":4},"end":{"line":37,"column":7}},"3":{"start":{"line":42,"column":4},"end":{"line":42,"column":67}},"4":{"start":{"line":42,"column":37},"end":{"line":42,"column":67}},"5":{"start":{"line":43,"column":4},"end":{"line":43,"column":72}},"6":{"start":{"line":48,"column":4},"end":{"line":48,"column":56}},"7":{"start":{"line":48,"column":23},"end":{"line":48,"column":56}},"8":{"start":{"line":49,"column":4},"end":{"line":59,"column":7}},"9":{"start":{"line":64,"column":4},"end":{"line":64,"column":67}},"10":{"start":{"line":64,"column":37},"end":{"line":64,"column":67}},"11":{"start":{"line":65,"column":4},"end":{"line":67,"column":5}},"12":{"start":{"line":66,"column":6},"end":{"line":66,"column":39}},"13":{"start":{"line":69,"column":19},"end":{"line":72,"column":6}},"14":{"start":{"line":73,"column":4},"end":{"line":73,"column":54}},"15":{"start":{"line":73,"column":17},"end":{"line":73,"column":54}},"16":{"start":{"line":75,"column":20},"end":{"line":84,"column":6}},"17":{"start":{"line":87,"column":4},"end":{"line":101,"column":5}},"18":{"start":{"line":88,"column":21},"end":{"line":91,"column":8}},"19":{"start":{"line":92,"column":6},"end":{"line":100,"column":7}},"20":{"start":{"line":93,"column":8},"end":{"line":99,"column":11}},"21":{"start":{"line":97,"column":42},"end":{"line":97,"column":50}},"22":{"start":{"line":103,"column":4},"end":{"line":103,"column":19}},"23":{"start":{"line":108,"column":4},"end":{"line":108,"column":67}},"24":{"start":{"line":108,"column":37},"end":{"line":108,"column":67}},"25":{"start":{"line":110,"column":19},"end":{"line":113,"column":6}},"26":{"start":{"line":114,"column":4},"end":{"line":114,"column":54}},"27":{"start":{"line":114,"column":17},"end":{"line":114,"column":54}},"28":{"start":{"line":116,"column":4},"end":{"line":116,"column":67}},"29":{"start":{"line":121,"column":4},"end":{"line":121,"column":67}},"30":{"start":{"line":121,"column":37},"end":{"line":121,"column":67}},"31":{"start":{"line":122,"column":4},"end":{"line":122,"column":66}},"32":{"start":{"line":122,"column":34},"end":{"line":122,"column":66}},"33":{"start":{"line":124,"column":4},"end":{"line":128,"column":7}},"34":{"start":{"line":27,"column":0},"end":{"line":27,"column":21}}},"fnMap":{"0":{"name":"(anonymous_0)","decl":{"start":{"line":28,"column":2},"end":{"line":28,"column":null}},"loc":{"start":{"line":30,"column":38},"end":{"line":31,"column":6}}},"1":{"name":"(anonymous_1)","decl":{"start":{"line":34,"column":2},"end":{"line":34,"column":7}},"loc":{"start":{"line":34,"column":12},"end":{"line":38,"column":3}}},"2":{"name":"(anonymous_2)","decl":{"start":{"line":41,"column":2},"end":{"line":41,"column":7}},"loc":{"start":{"line":41,"column":33},"end":{"line":44,"column":3}}},"3":{"name":"(anonymous_3)","decl":{"start":{"line":47,"column":2},"end":{"line":47,"column":7}},"loc":{"start":{"line":47,"column":36},"end":{"line":60,"column":3}}},"4":{"name":"(anonymous_4)","decl":{"start":{"line":63,"column":2},"end":{"line":63,"column":7}},"loc":{"start":{"line":63,"column":55},"end":{"line":104,"column":3}}},"5":{"name":"(anonymous_5)","decl":{"start":{"line":97,"column":35},"end":{"line":97,"column":36}},"loc":{"start":{"line":97,"column":42},"end":{"line":97,"column":50}}},"6":{"name":"(anonymous_6)","decl":{"start":{"line":107,"column":2},"end":{"line":107,"column":7}},"loc":{"start":{"line":107,"column":32},"end":{"line":117,"column":3}}},"7":{"name":"(anonymous_7)","decl":{"start":{"line":120,"column":2},"end":{"line":120,"column":7}},"loc":{"start":{"line":120,"column":46},"end":{"line":129,"column":3}}}},"branchMap":{"0":{"loc":{"start":{"line":42,"column":4},"end":{"line":42,"column":67}},"type":"if","locations":[{"start":{"line":42,"column":4},"end":{"line":42,"column":67}}]},"1":{"loc":{"start":{"line":48,"column":4},"end":{"line":48,"column":56}},"type":"if","locations":[{"start":{"line":48,"column":4},"end":{"line":48,"column":56}}]},"2":{"loc":{"start":{"line":55,"column":14},"end":{"line":55,"column":28}},"type":"binary-expr","locations":[{"start":{"line":55,"column":14},"end":{"line":55,"column":22}},{"start":{"line":55,"column":26},"end":{"line":55,"column":28}}]},"3":{"loc":{"start":{"line":56,"column":16},"end":{"line":56,"column":32}},"type":"binary-expr","locations":[{"start":{"line":56,"column":16},"end":{"line":56,"column":26}},{"start":{"line":56,"column":30},"end":{"line":56,"column":32}}]},"4":{"loc":{"start":{"line":57,"column":12},"end":{"line":57,"column":70}},"type":"cond-expr","locations":[{"start":{"line":57,"column":31},"end":{"line":57,"column":65}},{"start":{"line":57,"column":68},"end":{"line":57,"column":70}}]},"5":{"loc":{"start":{"line":64,"column":4},"end":{"line":64,"column":67}},"type":"if","locations":[{"start":{"line":64,"column":4},"end":{"line":64,"column":67}}]},"6":{"loc":{"start":{"line":65,"column":4},"end":{"line":67,"column":5}},"type":"if","locations":[{"start":{"line":65,"column":4},"end":{"line":67,"column":5}}]},"7":{"loc":{"start":{"line":65,"column":8},"end":{"line":65,"column":48}},"type":"binary-expr","locations":[{"start":{"line":65,"column":8},"end":{"line":65,"column":31}},{"start":{"line":65,"column":35},"end":{"line":65,"column":48}}]},"8":{"loc":{"start":{"line":73,"column":4},"end":{"line":73,"column":54}},"type":"if","locations":[{"start":{"line":73,"column":4},"end":{"line":73,"column":54}}]},"9":{"loc":{"start":{"line":78,"column":12},"end":{"line":78,"column":60}},"type":"cond-expr","locations":[{"start":{"line":78,"column":37},"end":{"line":78,"column":55}},{"start":{"line":78,"column":58},"end":{"line":78,"column":60}}]},"10":{"loc":{"start":{"line":79,"column":12},"end":{"line":79,"column":81}},"type":"cond-expr","locations":[{"start":{"line":79,"column":44},"end":{"line":79,"column":76}},{"start":{"line":79,"column":79},"end":{"line":79,"column":81}}]},"11":{"loc":{"start":{"line":80,"column":12},"end":{"line":80,"column":63}},"type":"cond-expr","locations":[{"start":{"line":80,"column":38},"end":{"line":80,"column":58}},{"start":{"line":80,"column":61},"end":{"line":80,"column":63}}]},"12":{"loc":{"start":{"line":81,"column":12},"end":{"line":81,"column":60}},"type":"cond-expr","locations":[{"start":{"line":81,"column":37},"end":{"line":81,"column":55}},{"start":{"line":81,"column":58},"end":{"line":81,"column":60}}]},"13":{"loc":{"start":{"line":82,"column":12},"end":{"line":82,"column":66}},"type":"cond-expr","locations":[{"start":{"line":82,"column":39},"end":{"line":82,"column":61}},{"start":{"line":82,"column":64},"end":{"line":82,"column":66}}]},"14":{"loc":{"start":{"line":87,"column":4},"end":{"line":101,"column":5}},"type":"if","locations":[{"start":{"line":87,"column":4},"end":{"line":101,"column":5}}]},"15":{"loc":{"start":{"line":87,"column":8},"end":{"line":87,"column":67}},"type":"binary-expr","locations":[{"start":{"line":87,"column":8},"end":{"line":87,"column":37}},{"start":{"line":87,"column":41},"end":{"line":87,"column":67}}]},"16":{"loc":{"start":{"line":92,"column":6},"end":{"line":100,"column":7}},"type":"if","locations":[{"start":{"line":92,"column":6},"end":{"line":100,"column":7}}]},"17":{"loc":{"start":{"line":108,"column":4},"end":{"line":108,"column":67}},"type":"if","locations":[{"start":{"line":108,"column":4},"end":{"line":108,"column":67}}]},"18":{"loc":{"start":{"line":114,"column":4},"end":{"line":114,"column":54}},"type":"if","locations":[{"start":{"line":114,"column":4},"end":{"line":114,"column":54}}]},"19":{"loc":{"start":{"line":121,"column":4},"end":{"line":121,"column":67}},"type":"if","locations":[{"start":{"line":121,"column":4},"end":{"line":121,"column":67}}]},"20":{"loc":{"start":{"line":122,"column":4},"end":{"line":122,"column":66}},"type":"if","locations":[{"start":{"line":122,"column":4},"end":{"line":122,"column":66}}]}},"s":{"0":9,"1":9,"2":1,"3":0,"4":0,"5":0,"6":2,"7":0,"8":2,"9":4,"10":0,"11":4,"12":0,"13":4,"14":4,"15":1,"16":3,"17":3,"18":2,"19":2,"20":1,"21":1,"22":3,"23":1,"24":0,"25":1,"26":1,"27":0,"28":1,"29":0,"30":0,"31":0,"32":0,"33":0,"34":6},"f":{"0":9,"1":1,"2":0,"3":2,"4":4,"5":1,"6":1,"7":0},"b":{"0":[0],"1":[0],"2":[2,0],"3":[2,0],"4":[0,2],"5":[0],"6":[0],"7":[4,4],"8":[1],"9":[1,2],"10":[3,0],"11":[3,0],"12":[1,2],"13":[1,2],"14":[2],"15":[3,3],"16":[1],"17":[0],"18":[0],"19":[0],"20":[0]}}
}
