TN:
SF:src/main.ts
FN:23,(anonymous_1)
FN:45,(anonymous_2)
FN:62,(anonymous_3)
FN:77,(anonymous_4)
FN:80,(anonymous_5)
FN:82,(anonymous_6)
FN:90,start
FN:91,(anonymous_8)
FN:92,(anonymous_9)
FN:99,stop
FN:100,(anonymous_11)
FN:100,(anonymous_12)
FN:107,(anonymous_13)
FNF:13
FNH:5
FNDA:11,(anonymous_1)
FNDA:0,(anonymous_2)
FNDA:0,(anonymous_3)
FNDA:3,(anonymous_4)
FNDA:0,(anonymous_5)
FNDA:0,(anonymous_6)
FNDA:0,start
FNDA:0,(anonymous_8)
FNDA:0,(anonymous_9)
FNDA:5,stop
FNDA:5,(anonymous_11)
FNDA:5,(anonymous_12)
FNDA:0,(anonymous_13)
DA:2,5
DA:3,5
DA:4,5
DA:5,5
DA:7,5
DA:8,5
DA:9,5
DA:10,5
DA:11,5
DA:12,5
DA:13,5
DA:15,5
DA:16,5
DA:17,5
DA:19,5
DA:22,5
DA:23,5
DA:24,11
DA:25,11
DA:27,11
DA:32,11
DA:33,11
DA:35,0
DA:41,5
DA:42,5
DA:45,5
DA:46,0
DA:47,0
DA:48,0
DA:50,0
DA:55,0
DA:56,0
DA:58,0
DA:62,5
DA:63,0
DA:64,0
DA:68,5
DA:69,5
DA:71,5
DA:72,5
DA:74,5
DA:75,5
DA:77,5
DA:80,5
DA:81,5
DA:83,0
DA:84,0
DA:85,0
DA:90,5
DA:91,0
DA:92,0
DA:93,0
DA:94,0
DA:99,5
DA:100,5
DA:101,5
DA:105,5
DA:106,0
DA:107,0
DA:108,0
DA:109,0
DA:111,0
DA:112,0
LF:63
LH:40
BRDA:22,0,0,5
BRDA:27,1,0,11
BRDA:27,1,1,2
BRDA:47,2,0,0
BRDA:50,3,0,0
BRDA:50,3,1,0
BRDA:64,4,0,0
BRDA:83,5,0,0
BRDA:83,5,1,0
BRDA:84,6,0,0
BRDA:84,6,1,0
BRDA:90,7,0,0
BRDA:90,8,0,0
BRDA:90,8,1,0
BRDA:105,9,0,0
BRF:15
BRH:3
end_of_record
TN:
SF:src/articles/router.ts
FN:7,makeArticleRouter
FN:12,(anonymous_1)
FN:20,(anonymous_2)
FN:33,(anonymous_3)
FN:49,(anonymous_4)
FN:64,(anonymous_5)
FN:78,(anonymous_6)
FNF:7
FNH:5
FNDA:5,makeArticleRouter
FNDA:1,(anonymous_1)
FNDA:0,(anonymous_2)
FNDA:1,(anonymous_3)
FNDA:1,(anonymous_4)
FNDA:1,(anonymous_5)
FNDA:0,(anonymous_6)
DA:2,5
DA:7,5
DA:8,5
DA:12,5
DA:13,1
DA:14,1
DA:15,1
DA:16,0
DA:20,5
DA:21,0
DA:22,0
DA:23,0
DA:25,0
DA:26,0
DA:27,0
DA:28,0
DA:33,5
DA:34,1
DA:35,1
DA:36,1
DA:38,1
DA:39,1
DA:40,1
DA:41,1
DA:43,1
DA:44,1
DA:45,0
DA:49,5
DA:50,1
DA:51,1
DA:52,1
DA:54,1
DA:55,1
DA:57,1
DA:58,1
DA:59,1
DA:60,0
DA:64,5
DA:65,1
DA:66,1
DA:67,1
DA:69,1
DA:70,1
DA:72,1
DA:73,1
DA:74,0
DA:78,5
DA:79,0
DA:80,0
DA:81,0
DA:83,0
DA:84,0
DA:86,0
DA:87,0
DA:89,0
DA:90,0
DA:91,0
DA:94,5
LF:58
LH:37
BRDA:23,0,0,0
BRDA:26,1,0,0
BRDA:36,2,0,0
BRDA:38,3,0,1
BRDA:38,3,1,0
BRDA:39,4,0,1
BRDA:39,4,1,0
BRDA:40,5,0,1
BRDA:40,5,1,0
BRDA:41,6,0,0
BRDA:41,7,0,1
BRDA:41,7,1,1
BRDA:52,8,0,0
BRDA:55,9,0,0
BRDA:57,10,0,1
BRDA:57,10,1,0
BRDA:67,11,0,0
BRDA:70,12,0,0
BRDA:81,13,0,0
BRDA:84,14,0,0
BRDA:86,15,0,0
BRDA:86,15,1,0
BRDA:87,16,0,0
BRF:23
BRH:6
end_of_record
TN:
SF:src/articles/service.ts
FN:18,(anonymous_0)
FN:21,(anonymous_1)
FN:26,(anonymous_2)
FN:32,(anonymous_3)
FN:40,(anonymous_4)
FN:57,(anonymous_5)
FN:67,(anonymous_6)
FNF:7
FNH:5
FNDA:5,(anonymous_0)
FNDA:1,(anonymous_1)
FNDA:0,(anonymous_2)
FNDA:1,(anonymous_3)
FNDA:1,(anonymous_4)
FNDA:1,(anonymous_5)
FNDA:0,(anonymous_6)
DA:17,5
DA:18,5
DA:22,1
DA:27,0
DA:28,0
DA:33,1
DA:34,1
DA:41,1
DA:43,1
DA:44,1
DA:46,1
DA:58,1
DA:60,1
DA:61,1
DA:63,1
DA:68,0
DA:72,0
DA:74,0
DA:78,0
DA:86,0
LF:20
LH:13
BRDA:27,0,0,0
BRDA:33,1,0,0
BRDA:33,2,0,1
BRDA:33,2,1,1
BRDA:41,3,0,0
BRDA:44,4,0,0
BRDA:49,5,0,1
BRDA:49,5,1,0
BRDA:50,6,0,1
BRDA:50,6,1,0
BRDA:51,7,0,0
BRDA:51,7,1,1
BRDA:58,8,0,0
BRDA:61,9,0,0
BRDA:72,10,0,0
BRF:15
BRH:5
end_of_record
TN:
SF:src/constant/constant.ts
FNF:0
FNH:0
DA:20,1
LF:1
LH:1
BRDA:20,0,0,1
BRDA:20,0,1,1
BRF:2
BRH:2
end_of_record
TN:
SF:src/models/Article.ts
FN:14,(anonymous_0)
FN:21,(anonymous_1)
FN:25,(anonymous_2)
FN:29,(anonymous_3)
FN:33,(anonymous_4)
FN:37,(anonymous_5)
FNF:6
FNH:0
FNDA:0,(anonymous_0)
FNDA:0,(anonymous_1)
FNDA:0,(anonymous_2)
FNDA:0,(anonymous_3)
FNDA:0,(anonymous_4)
FNDA:0,(anonymous_5)
DA:1,1
DA:15,0
DA:16,0
DA:17,0
DA:18,0
DA:22,0
DA:26,0
DA:30,0
DA:34,0
DA:38,0
LF:10
LH:1
BRF:0
BRH:0
end_of_record
TN:
SF:src/models/ElectronicProduct.ts
FN:7,(anonymous_0)
FN:20,(anonymous_1)
FNF:2
FNH:0
FNDA:0,(anonymous_0)
FNDA:0,(anonymous_1)
DA:1,1
DA:3,1
DA:16,0
DA:17,0
DA:21,0
LF:5
LH:2
BRF:0
BRH:0
end_of_record
TN:
SF:src/models/Product.ts
FN:20,(anonymous_0)
FN:36,(anonymous_1)
FN:40,(anonymous_2)
FN:44,(anonymous_3)
FN:48,(anonymous_4)
FN:52,(anonymous_5)
FN:56,(anonymous_6)
FN:60,(anonymous_7)
FNF:8
FNH:0
FNDA:0,(anonymous_0)
FNDA:0,(anonymous_1)
FNDA:0,(anonymous_2)
FNDA:0,(anonymous_3)
FNDA:0,(anonymous_4)
FNDA:0,(anonymous_5)
FNDA:0,(anonymous_6)
FNDA:0,(anonymous_7)
DA:1,1
DA:28,0
DA:29,0
DA:30,0
DA:31,0
DA:32,0
DA:33,0
DA:37,0
DA:41,0
DA:45,0
DA:49,0
DA:53,0
DA:57,0
DA:61,0
LF:14
LH:1
BRF:0
BRH:0
end_of_record
TN:
SF:src/notification/controller.ts
FN:6,(anonymous_0)
FN:10,(anonymous_1)
FN:25,(anonymous_2)
FN:36,(anonymous_3)
FN:48,(anonymous_4)
FNF:5
FNH:0
FNDA:0,(anonymous_0)
FNDA:0,(anonymous_1)
FNDA:0,(anonymous_2)
FNDA:0,(anonymous_3)
FNDA:0,(anonymous_4)
DA:1,0
DA:6,0
DA:7,0
DA:10,0
DA:11,0
DA:12,0
DA:13,0
DA:15,0
DA:16,0
DA:17,0
DA:19,0
DA:20,0
DA:21,0
DA:25,0
DA:26,0
DA:27,0
DA:28,0
DA:30,0
DA:31,0
DA:32,0
DA:36,0
DA:37,0
DA:38,0
DA:39,0
DA:41,0
DA:42,0
DA:43,0
DA:44,0
DA:48,0
DA:49,0
DA:50,0
DA:51,0
DA:53,0
DA:54,0
DA:55,0
DA:58,0
DA:61,0
LF:37
LH:0
BRDA:13,0,0,0
BRDA:16,1,0,0
BRDA:16,1,1,0
BRDA:16,2,0,0
BRDA:16,2,1,0
BRDA:17,3,0,0
BRDA:17,3,1,0
BRDA:28,4,0,0
BRDA:39,5,0,0
BRDA:51,6,0,0
BRF:10
BRH:0
end_of_record
TN:
SF:src/notification/repository.ts
FN:11,(anonymous_0)
FN:13,(anonymous_1)
FN:24,(anonymous_2)
FN:35,(anonymous_3)
FN:41,(anonymous_4)
FN:48,(anonymous_5)
FNF:6
FNH:1
FNDA:5,(anonymous_0)
FNDA:0,(anonymous_1)
FNDA:0,(anonymous_2)
FNDA:0,(anonymous_3)
FNDA:0,(anonymous_4)
FNDA:0,(anonymous_5)
DA:10,5
DA:11,5
DA:21,0
DA:25,0
DA:27,0
DA:36,0
DA:42,0
DA:49,0
DA:56,5
LF:9
LH:3
BRDA:24,0,0,0
BRDA:25,1,0,0
BRDA:25,2,0,0
BRDA:28,3,0,0
BRDA:28,3,1,0
BRDA:31,4,0,0
BRDA:31,4,1,0
BRF:7
BRH:0
end_of_record
TN:
SF:src/notification/router.ts
FN:8,makeNotificationRouter
FN:11,(anonymous_1)
FN:26,(anonymous_2)
FN:35,(anonymous_3)
FN:45,(anonymous_4)
FN:55,(anonymous_5)
FNF:6
FNH:1
FNDA:5,makeNotificationRouter
FNDA:0,(anonymous_1)
FNDA:0,(anonymous_2)
FNDA:0,(anonymous_3)
FNDA:0,(anonymous_4)
FNDA:0,(anonymous_5)
DA:2,5
DA:3,5
DA:8,5
DA:9,5
DA:11,5
DA:12,0
DA:13,0
DA:14,0
DA:16,0
DA:17,0
DA:18,0
DA:19,0
DA:21,0
DA:22,0
DA:23,0
DA:26,5
DA:27,0
DA:28,0
DA:29,0
DA:30,0
DA:31,0
DA:32,0
DA:35,5
DA:36,0
DA:37,0
DA:38,0
DA:39,0
DA:40,0
DA:41,0
DA:42,0
DA:45,5
DA:46,0
DA:47,0
DA:48,0
DA:49,0
DA:50,0
DA:51,0
DA:55,5
DA:56,0
DA:57,0
DA:58,0
DA:59,0
DA:64,0
DA:65,0
DA:68,5
LF:45
LH:10
BRDA:14,0,0,0
BRDA:17,1,0,0
BRDA:17,1,1,0
BRDA:18,2,0,0
BRDA:18,2,1,0
BRDA:19,3,0,0
BRDA:19,3,1,0
BRDA:29,4,0,0
BRDA:38,5,0,0
BRDA:48,6,0,0
BRDA:58,7,0,0
BRF:11
BRH:0
end_of_record
TN:
SF:src/notification/service.ts
FN:6,(anonymous_0)
FN:8,(anonymous_1)
FN:12,(anonymous_2)
FN:26,(anonymous_3)
FN:31,(anonymous_4)
FN:35,(anonymous_5)
FN:42,(anonymous_6)
FN:52,(anonymous_7)
FN:67,(anonymous_8)
FN:79,(anonymous_9)
FNF:10
FNH:1
FNDA:5,(anonymous_0)
FNDA:0,(anonymous_1)
FNDA:0,(anonymous_2)
FNDA:0,(anonymous_3)
FNDA:0,(anonymous_4)
FNDA:0,(anonymous_5)
FNDA:0,(anonymous_6)
FNDA:0,(anonymous_7)
FNDA:0,(anonymous_8)
FNDA:0,(anonymous_9)
DA:1,5
DA:5,5
DA:6,5
DA:9,0
DA:18,0
DA:20,0
DA:21,0
DA:22,0
DA:23,0
DA:27,0
DA:28,0
DA:32,0
DA:36,0
DA:37,0
DA:38,0
DA:39,0
DA:43,0
DA:44,0
DA:45,0
DA:46,0
DA:59,0
DA:60,0
DA:63,0
DA:66,0
DA:68,0
DA:86,0
DA:87,0
DA:89,0
DA:91,0
DA:94,0
LF:30
LH:3
BRDA:26,0,0,0
BRDA:27,1,0,0
BRDA:27,1,1,0
BRDA:60,2,0,0
BRDA:60,3,0,0
BRDA:60,3,1,0
BRDA:63,4,0,0
BRDA:63,4,1,0
BRDA:87,5,0,0
BRDA:89,6,0,0
BRDA:89,6,1,0
BRDA:91,7,0,0
BRDA:91,7,1,0
BRF:13
BRH:0
end_of_record
TN:
SF:src/product/router.ts
FN:10,makeProductRouter
FN:18,(anonymous_1)
FN:28,(anonymous_2)
FN:45,(anonymous_3)
FN:65,(anonymous_4)
FN:80,(anonymous_5)
FN:95,(anonymous_6)
FN:111,(anonymous_7)
FNF:8
FNH:5
FNDA:5,makeProductRouter
FNDA:1,(anonymous_1)
FNDA:0,(anonymous_2)
FNDA:1,(anonymous_3)
FNDA:1,(anonymous_4)
FNDA:1,(anonymous_5)
FNDA:0,(anonymous_6)
FNDA:0,(anonymous_7)
DA:2,5
DA:10,5
DA:11,5
DA:18,5
DA:19,1
DA:20,1
DA:23,1
DA:24,0
DA:28,5
DA:29,0
DA:30,0
DA:31,0
DA:33,0
DA:34,0
DA:36,0
DA:37,0
DA:45,5
DA:46,1
DA:47,1
DA:48,1
DA:50,1
DA:51,1
DA:59,1
DA:60,1
DA:61,0
DA:65,5
DA:66,1
DA:67,1
DA:68,1
DA:70,1
DA:71,1
DA:73,1
DA:74,1
DA:75,1
DA:76,0
DA:80,5
DA:81,1
DA:82,1
DA:83,1
DA:85,1
DA:86,1
DA:88,1
DA:90,1
DA:91,0
DA:95,5
DA:96,0
DA:97,0
DA:98,0
DA:100,0
DA:101,0
DA:103,0
DA:104,0
DA:105,0
DA:111,5
DA:112,0
DA:113,0
DA:114,0
DA:116,0
DA:124,0
DA:125,0
DA:126,0
DA:129,5
LF:62
LH:36
BRDA:31,0,0,0
BRDA:34,1,0,0
BRDA:48,2,0,0
BRDA:56,3,0,1
BRDA:56,3,1,0
BRDA:57,4,0,1
BRDA:57,4,1,0
BRDA:68,5,0,0
BRDA:71,6,0,0
BRDA:83,7,0,0
BRDA:86,8,0,0
BRDA:98,9,0,0
BRDA:101,10,0,0
BRDA:114,11,0,0
BRF:14
BRH:2
end_of_record
TN:
SF:src/product/service.ts
FN:28,(anonymous_0)
FN:34,(anonymous_1)
FN:41,(anonymous_2)
FN:47,(anonymous_3)
FN:63,(anonymous_4)
FN:97,(anonymous_5)
FN:107,(anonymous_6)
FN:120,(anonymous_7)
FNF:8
FNH:6
FNDA:9,(anonymous_0)
FNDA:1,(anonymous_1)
FNDA:0,(anonymous_2)
FNDA:2,(anonymous_3)
FNDA:4,(anonymous_4)
FNDA:1,(anonymous_5)
FNDA:1,(anonymous_6)
FNDA:0,(anonymous_7)
DA:27,6
DA:29,9
DA:30,9
DA:35,1
DA:42,0
DA:43,0
DA:48,2
DA:49,2
DA:64,4
DA:65,4
DA:66,0
DA:69,4
DA:73,4
DA:75,3
DA:87,3
DA:88,2
DA:92,2
DA:93,1
DA:97,1
DA:103,3
DA:108,1
DA:110,1
DA:114,1
DA:116,1
DA:121,0
DA:122,0
DA:124,0
LF:27
LH:21
BRDA:42,0,0,0
BRDA:48,1,0,0
BRDA:55,2,0,2
BRDA:55,2,1,0
BRDA:56,3,0,2
BRDA:56,3,1,0
BRDA:57,4,0,0
BRDA:57,4,1,2
BRDA:64,5,0,0
BRDA:65,6,0,0
BRDA:65,7,0,4
BRDA:65,7,1,4
BRDA:73,8,0,1
BRDA:78,9,0,1
BRDA:78,9,1,2
BRDA:79,10,0,3
BRDA:79,10,1,0
BRDA:80,11,0,3
BRDA:80,11,1,0
BRDA:81,12,0,1
BRDA:81,12,1,2
BRDA:82,13,0,1
BRDA:82,13,1,2
BRDA:87,14,0,2
BRDA:87,15,0,3
BRDA:87,15,1,3
BRDA:92,16,0,1
BRDA:108,17,0,0
BRDA:114,18,0,0
BRDA:121,19,0,0
BRDA:122,20,0,0
BRF:31
BRH:18
end_of_record
